   1               		.file	"main.c"
   2               	__SP_H__ = 0x3e
   3               	__SP_L__ = 0x3d
   4               	__SREG__ = 0x3f
   5               	__tmp_reg__ = 0
   6               	__zero_reg__ = 1
   7               		.text
   8               	.Ltext0:
   9               		.cfi_sections	.debug_frame
  10               	.global	func
  12               	func:
  13               	.LVL0:
  14               	.LFB6:
  15               		.file 1 "main.c"
   1:main.c        **** #include <avr/io.h>
   2:main.c        **** #include <string.h>
   3:main.c        **** #include "uart.h"
   4:main.c        **** #include "lcd.h"
   5:main.c        **** #include <util/delay.h>
   6:main.c        **** #include "adc_intr.h"
   7:main.c        **** 
   8:main.c        **** //char *(strchr)(const char *s, int c)
   9:main.c        **** 
  10:main.c        **** volatile uint16_t adc_val1=0;
  11:main.c        **** volatile uint16_t adc_val2=0;
  12:main.c        **** 
  13:main.c        **** volatile uint16_t adc_flag1=0;
  14:main.c        **** volatile uint16_t adc_flag2=0;
  15:main.c        **** volatile int ch=0,ch1=5;
  16:main.c        **** char str2[32];
  17:main.c        **** int ADC_1=2; // x-axis
  18:main.c        **** int ADC_2 =3; // y-axis
  19:main.c        **** 
  20:main.c        **** 
  21:main.c        **** void func(int x);
  22:main.c        **** void print();
  23:main.c        **** void esp();
  24:main.c        **** void adc();
  25:main.c        **** 
  26:main.c        **** char str[20];
  27:main.c        **** 
  28:main.c        **** void func(int x)
  29:main.c        **** {
  16               		.loc 1 29 1 view -0
  17               		.cfi_startproc
  18               	/* prologue: function */
  19               	/* frame size = 0 */
  20               	/* stack size = 0 */
  21               	.L__stack_usage = 0
  30:main.c        **** 		if(x==0)
  22               		.loc 1 30 3 view .LVU1
  23               		.loc 1 30 5 is_stmt 0 view .LVU2
  24 0000 0097      		sbiw r24,0
  25 0002 01F4      		brne .L2
  31:main.c        **** 	{	
  32:main.c        **** 		if(adc_flag)
  26               		.loc 1 32 3 is_stmt 1 view .LVU3
  27               		.loc 1 32 6 is_stmt 0 view .LVU4
  28 0004 8091 0000 		lds r24,adc_flag
  29 0008 9091 0000 		lds r25,adc_flag+1
  30               	.LVL1:
  31               		.loc 1 32 5 view .LVU5
  32 000c 892B      		or r24,r25
  33 000e 01F0      		breq .L3
  33:main.c        **** 		{
  34:main.c        **** 			_delay_ms(100);
  34               		.loc 1 34 4 is_stmt 1 view .LVU6
  35               	.LVL2:
  36               	.LBB36:
  37               	.LBI36:
  38               		.file 2 "/home/acer/Desktop/CDAC/AVR/softwares/avr-gcc-8.2.0-x64-linux/avr/include/util/delay.h"
   1:/home/acer/Desktop/CDAC/AVR/softwares/avr-gcc-8.2.0-x64-linux/avr/include/util/delay.h **** /* Copyright (c) 2002, Marek Michalkiewicz
   2:/home/acer/Desktop/CDAC/AVR/softwares/avr-gcc-8.2.0-x64-linux/avr/include/util/delay.h ****    Copyright (c) 2004,2005,2007 Joerg Wunsch
   3:/home/acer/Desktop/CDAC/AVR/softwares/avr-gcc-8.2.0-x64-linux/avr/include/util/delay.h ****    Copyright (c) 2007  Florin-Viorel Petrov
   4:/home/acer/Desktop/CDAC/AVR/softwares/avr-gcc-8.2.0-x64-linux/avr/include/util/delay.h ****    All rights reserved.
   5:/home/acer/Desktop/CDAC/AVR/softwares/avr-gcc-8.2.0-x64-linux/avr/include/util/delay.h **** 
   6:/home/acer/Desktop/CDAC/AVR/softwares/avr-gcc-8.2.0-x64-linux/avr/include/util/delay.h ****    Redistribution and use in source and binary forms, with or without
   7:/home/acer/Desktop/CDAC/AVR/softwares/avr-gcc-8.2.0-x64-linux/avr/include/util/delay.h ****    modification, are permitted provided that the following conditions are met:
   8:/home/acer/Desktop/CDAC/AVR/softwares/avr-gcc-8.2.0-x64-linux/avr/include/util/delay.h **** 
   9:/home/acer/Desktop/CDAC/AVR/softwares/avr-gcc-8.2.0-x64-linux/avr/include/util/delay.h ****    * Redistributions of source code must retain the above copyright
  10:/home/acer/Desktop/CDAC/AVR/softwares/avr-gcc-8.2.0-x64-linux/avr/include/util/delay.h ****      notice, this list of conditions and the following disclaimer.
  11:/home/acer/Desktop/CDAC/AVR/softwares/avr-gcc-8.2.0-x64-linux/avr/include/util/delay.h **** 
  12:/home/acer/Desktop/CDAC/AVR/softwares/avr-gcc-8.2.0-x64-linux/avr/include/util/delay.h ****    * Redistributions in binary form must reproduce the above copyright
  13:/home/acer/Desktop/CDAC/AVR/softwares/avr-gcc-8.2.0-x64-linux/avr/include/util/delay.h ****      notice, this list of conditions and the following disclaimer in
  14:/home/acer/Desktop/CDAC/AVR/softwares/avr-gcc-8.2.0-x64-linux/avr/include/util/delay.h ****      the documentation and/or other materials provided with the
  15:/home/acer/Desktop/CDAC/AVR/softwares/avr-gcc-8.2.0-x64-linux/avr/include/util/delay.h ****      distribution.
  16:/home/acer/Desktop/CDAC/AVR/softwares/avr-gcc-8.2.0-x64-linux/avr/include/util/delay.h **** 
  17:/home/acer/Desktop/CDAC/AVR/softwares/avr-gcc-8.2.0-x64-linux/avr/include/util/delay.h ****    * Neither the name of the copyright holders nor the names of
  18:/home/acer/Desktop/CDAC/AVR/softwares/avr-gcc-8.2.0-x64-linux/avr/include/util/delay.h ****      contributors may be used to endorse or promote products derived
  19:/home/acer/Desktop/CDAC/AVR/softwares/avr-gcc-8.2.0-x64-linux/avr/include/util/delay.h ****      from this software without specific prior written permission.
  20:/home/acer/Desktop/CDAC/AVR/softwares/avr-gcc-8.2.0-x64-linux/avr/include/util/delay.h **** 
  21:/home/acer/Desktop/CDAC/AVR/softwares/avr-gcc-8.2.0-x64-linux/avr/include/util/delay.h ****   THIS SOFTWARE IS PROVIDED BY THE COPYRIGHT HOLDERS AND CONTRIBUTORS "AS IS"
  22:/home/acer/Desktop/CDAC/AVR/softwares/avr-gcc-8.2.0-x64-linux/avr/include/util/delay.h ****   AND ANY EXPRESS OR IMPLIED WARRANTIES, INCLUDING, BUT NOT LIMITED TO, THE
  23:/home/acer/Desktop/CDAC/AVR/softwares/avr-gcc-8.2.0-x64-linux/avr/include/util/delay.h ****   IMPLIED WARRANTIES OF MERCHANTABILITY AND FITNESS FOR A PARTICULAR PURPOSE
  24:/home/acer/Desktop/CDAC/AVR/softwares/avr-gcc-8.2.0-x64-linux/avr/include/util/delay.h ****   ARE DISCLAIMED. IN NO EVENT SHALL THE COPYRIGHT OWNER OR CONTRIBUTORS BE
  25:/home/acer/Desktop/CDAC/AVR/softwares/avr-gcc-8.2.0-x64-linux/avr/include/util/delay.h ****   LIABLE FOR ANY DIRECT, INDIRECT, INCIDENTAL, SPECIAL, EXEMPLARY, OR
  26:/home/acer/Desktop/CDAC/AVR/softwares/avr-gcc-8.2.0-x64-linux/avr/include/util/delay.h ****   CONSEQUENTIAL DAMAGES (INCLUDING, BUT NOT LIMITED TO, PROCUREMENT OF
  27:/home/acer/Desktop/CDAC/AVR/softwares/avr-gcc-8.2.0-x64-linux/avr/include/util/delay.h ****   SUBSTITUTE GOODS OR SERVICES; LOSS OF USE, DATA, OR PROFITS; OR BUSINESS
  28:/home/acer/Desktop/CDAC/AVR/softwares/avr-gcc-8.2.0-x64-linux/avr/include/util/delay.h ****   INTERRUPTION) HOWEVER CAUSED AND ON ANY THEORY OF LIABILITY, WHETHER IN
  29:/home/acer/Desktop/CDAC/AVR/softwares/avr-gcc-8.2.0-x64-linux/avr/include/util/delay.h ****   CONTRACT, STRICT LIABILITY, OR TORT (INCLUDING NEGLIGENCE OR OTHERWISE)
  30:/home/acer/Desktop/CDAC/AVR/softwares/avr-gcc-8.2.0-x64-linux/avr/include/util/delay.h ****   ARISING IN ANY WAY OUT OF THE USE OF THIS SOFTWARE, EVEN IF ADVISED OF THE
  31:/home/acer/Desktop/CDAC/AVR/softwares/avr-gcc-8.2.0-x64-linux/avr/include/util/delay.h ****   POSSIBILITY OF SUCH DAMAGE. */
  32:/home/acer/Desktop/CDAC/AVR/softwares/avr-gcc-8.2.0-x64-linux/avr/include/util/delay.h **** 
  33:/home/acer/Desktop/CDAC/AVR/softwares/avr-gcc-8.2.0-x64-linux/avr/include/util/delay.h **** /* $Id: delay.h.in 2506 2016-02-08 10:05:45Z joerg_wunsch $ */
  34:/home/acer/Desktop/CDAC/AVR/softwares/avr-gcc-8.2.0-x64-linux/avr/include/util/delay.h **** 
  35:/home/acer/Desktop/CDAC/AVR/softwares/avr-gcc-8.2.0-x64-linux/avr/include/util/delay.h **** #ifndef _UTIL_DELAY_H_
  36:/home/acer/Desktop/CDAC/AVR/softwares/avr-gcc-8.2.0-x64-linux/avr/include/util/delay.h **** #define _UTIL_DELAY_H_ 1
  37:/home/acer/Desktop/CDAC/AVR/softwares/avr-gcc-8.2.0-x64-linux/avr/include/util/delay.h **** 
  38:/home/acer/Desktop/CDAC/AVR/softwares/avr-gcc-8.2.0-x64-linux/avr/include/util/delay.h **** #ifndef __DOXYGEN__
  39:/home/acer/Desktop/CDAC/AVR/softwares/avr-gcc-8.2.0-x64-linux/avr/include/util/delay.h **** #  ifndef __HAS_DELAY_CYCLES
  40:/home/acer/Desktop/CDAC/AVR/softwares/avr-gcc-8.2.0-x64-linux/avr/include/util/delay.h **** #    define __HAS_DELAY_CYCLES 1
  41:/home/acer/Desktop/CDAC/AVR/softwares/avr-gcc-8.2.0-x64-linux/avr/include/util/delay.h **** #  endif
  42:/home/acer/Desktop/CDAC/AVR/softwares/avr-gcc-8.2.0-x64-linux/avr/include/util/delay.h **** #endif  /* __DOXYGEN__ */
  43:/home/acer/Desktop/CDAC/AVR/softwares/avr-gcc-8.2.0-x64-linux/avr/include/util/delay.h **** 
  44:/home/acer/Desktop/CDAC/AVR/softwares/avr-gcc-8.2.0-x64-linux/avr/include/util/delay.h **** #include <inttypes.h>
  45:/home/acer/Desktop/CDAC/AVR/softwares/avr-gcc-8.2.0-x64-linux/avr/include/util/delay.h **** #include <util/delay_basic.h>
  46:/home/acer/Desktop/CDAC/AVR/softwares/avr-gcc-8.2.0-x64-linux/avr/include/util/delay.h **** #include <math.h>
  47:/home/acer/Desktop/CDAC/AVR/softwares/avr-gcc-8.2.0-x64-linux/avr/include/util/delay.h **** 
  48:/home/acer/Desktop/CDAC/AVR/softwares/avr-gcc-8.2.0-x64-linux/avr/include/util/delay.h **** /** \file */
  49:/home/acer/Desktop/CDAC/AVR/softwares/avr-gcc-8.2.0-x64-linux/avr/include/util/delay.h **** /** \defgroup util_delay <util/delay.h>: Convenience functions for busy-wait delay loops
  50:/home/acer/Desktop/CDAC/AVR/softwares/avr-gcc-8.2.0-x64-linux/avr/include/util/delay.h ****     \code
  51:/home/acer/Desktop/CDAC/AVR/softwares/avr-gcc-8.2.0-x64-linux/avr/include/util/delay.h ****     #define F_CPU 1000000UL  // 1 MHz
  52:/home/acer/Desktop/CDAC/AVR/softwares/avr-gcc-8.2.0-x64-linux/avr/include/util/delay.h ****     //#define F_CPU 14.7456E6
  53:/home/acer/Desktop/CDAC/AVR/softwares/avr-gcc-8.2.0-x64-linux/avr/include/util/delay.h ****     #include <util/delay.h>
  54:/home/acer/Desktop/CDAC/AVR/softwares/avr-gcc-8.2.0-x64-linux/avr/include/util/delay.h ****     \endcode
  55:/home/acer/Desktop/CDAC/AVR/softwares/avr-gcc-8.2.0-x64-linux/avr/include/util/delay.h **** 
  56:/home/acer/Desktop/CDAC/AVR/softwares/avr-gcc-8.2.0-x64-linux/avr/include/util/delay.h ****     \note As an alternative method, it is possible to pass the
  57:/home/acer/Desktop/CDAC/AVR/softwares/avr-gcc-8.2.0-x64-linux/avr/include/util/delay.h ****     F_CPU macro down to the compiler from the Makefile.
  58:/home/acer/Desktop/CDAC/AVR/softwares/avr-gcc-8.2.0-x64-linux/avr/include/util/delay.h ****     Obviously, in that case, no \c \#define statement should be
  59:/home/acer/Desktop/CDAC/AVR/softwares/avr-gcc-8.2.0-x64-linux/avr/include/util/delay.h ****     used.
  60:/home/acer/Desktop/CDAC/AVR/softwares/avr-gcc-8.2.0-x64-linux/avr/include/util/delay.h **** 
  61:/home/acer/Desktop/CDAC/AVR/softwares/avr-gcc-8.2.0-x64-linux/avr/include/util/delay.h ****     The functions in this header file are wrappers around the basic
  62:/home/acer/Desktop/CDAC/AVR/softwares/avr-gcc-8.2.0-x64-linux/avr/include/util/delay.h ****     busy-wait functions from <util/delay_basic.h>.  They are meant as
  63:/home/acer/Desktop/CDAC/AVR/softwares/avr-gcc-8.2.0-x64-linux/avr/include/util/delay.h ****     convenience functions where actual time values can be specified
  64:/home/acer/Desktop/CDAC/AVR/softwares/avr-gcc-8.2.0-x64-linux/avr/include/util/delay.h ****     rather than a number of cycles to wait for.  The idea behind is
  65:/home/acer/Desktop/CDAC/AVR/softwares/avr-gcc-8.2.0-x64-linux/avr/include/util/delay.h ****     that compile-time constant expressions will be eliminated by
  66:/home/acer/Desktop/CDAC/AVR/softwares/avr-gcc-8.2.0-x64-linux/avr/include/util/delay.h ****     compiler optimization so floating-point expressions can be used
  67:/home/acer/Desktop/CDAC/AVR/softwares/avr-gcc-8.2.0-x64-linux/avr/include/util/delay.h ****     to calculate the number of delay cycles needed based on the CPU
  68:/home/acer/Desktop/CDAC/AVR/softwares/avr-gcc-8.2.0-x64-linux/avr/include/util/delay.h ****     frequency passed by the macro F_CPU.
  69:/home/acer/Desktop/CDAC/AVR/softwares/avr-gcc-8.2.0-x64-linux/avr/include/util/delay.h **** 
  70:/home/acer/Desktop/CDAC/AVR/softwares/avr-gcc-8.2.0-x64-linux/avr/include/util/delay.h ****     \note In order for these functions to work as intended, compiler
  71:/home/acer/Desktop/CDAC/AVR/softwares/avr-gcc-8.2.0-x64-linux/avr/include/util/delay.h ****     optimizations <em>must</em> be enabled, and the delay time
  72:/home/acer/Desktop/CDAC/AVR/softwares/avr-gcc-8.2.0-x64-linux/avr/include/util/delay.h ****     <em>must</em> be an expression that is a known constant at
  73:/home/acer/Desktop/CDAC/AVR/softwares/avr-gcc-8.2.0-x64-linux/avr/include/util/delay.h ****     compile-time.  If these requirements are not met, the resulting
  74:/home/acer/Desktop/CDAC/AVR/softwares/avr-gcc-8.2.0-x64-linux/avr/include/util/delay.h ****     delay will be much longer (and basically unpredictable), and
  75:/home/acer/Desktop/CDAC/AVR/softwares/avr-gcc-8.2.0-x64-linux/avr/include/util/delay.h ****     applications that otherwise do not use floating-point calculations
  76:/home/acer/Desktop/CDAC/AVR/softwares/avr-gcc-8.2.0-x64-linux/avr/include/util/delay.h ****     will experience severe code bloat by the floating-point library
  77:/home/acer/Desktop/CDAC/AVR/softwares/avr-gcc-8.2.0-x64-linux/avr/include/util/delay.h ****     routines linked into the application.
  78:/home/acer/Desktop/CDAC/AVR/softwares/avr-gcc-8.2.0-x64-linux/avr/include/util/delay.h **** 
  79:/home/acer/Desktop/CDAC/AVR/softwares/avr-gcc-8.2.0-x64-linux/avr/include/util/delay.h ****     The functions available allow the specification of microsecond, and
  80:/home/acer/Desktop/CDAC/AVR/softwares/avr-gcc-8.2.0-x64-linux/avr/include/util/delay.h ****     millisecond delays directly, using the application-supplied macro
  81:/home/acer/Desktop/CDAC/AVR/softwares/avr-gcc-8.2.0-x64-linux/avr/include/util/delay.h ****     F_CPU as the CPU clock frequency (in Hertz).
  82:/home/acer/Desktop/CDAC/AVR/softwares/avr-gcc-8.2.0-x64-linux/avr/include/util/delay.h **** 
  83:/home/acer/Desktop/CDAC/AVR/softwares/avr-gcc-8.2.0-x64-linux/avr/include/util/delay.h **** */
  84:/home/acer/Desktop/CDAC/AVR/softwares/avr-gcc-8.2.0-x64-linux/avr/include/util/delay.h **** 
  85:/home/acer/Desktop/CDAC/AVR/softwares/avr-gcc-8.2.0-x64-linux/avr/include/util/delay.h **** #if !defined(__DOXYGEN__)
  86:/home/acer/Desktop/CDAC/AVR/softwares/avr-gcc-8.2.0-x64-linux/avr/include/util/delay.h **** static __inline__ void _delay_us(double __us) __attribute__((__always_inline__));
  87:/home/acer/Desktop/CDAC/AVR/softwares/avr-gcc-8.2.0-x64-linux/avr/include/util/delay.h **** static __inline__ void _delay_ms(double __ms) __attribute__((__always_inline__));
  88:/home/acer/Desktop/CDAC/AVR/softwares/avr-gcc-8.2.0-x64-linux/avr/include/util/delay.h **** #endif
  89:/home/acer/Desktop/CDAC/AVR/softwares/avr-gcc-8.2.0-x64-linux/avr/include/util/delay.h **** 
  90:/home/acer/Desktop/CDAC/AVR/softwares/avr-gcc-8.2.0-x64-linux/avr/include/util/delay.h **** #ifndef F_CPU
  91:/home/acer/Desktop/CDAC/AVR/softwares/avr-gcc-8.2.0-x64-linux/avr/include/util/delay.h **** /* prevent compiler error by supplying a default */
  92:/home/acer/Desktop/CDAC/AVR/softwares/avr-gcc-8.2.0-x64-linux/avr/include/util/delay.h **** # warning "F_CPU not defined for <util/delay.h>"
  93:/home/acer/Desktop/CDAC/AVR/softwares/avr-gcc-8.2.0-x64-linux/avr/include/util/delay.h **** /** \ingroup util_delay
  94:/home/acer/Desktop/CDAC/AVR/softwares/avr-gcc-8.2.0-x64-linux/avr/include/util/delay.h ****     \def F_CPU
  95:/home/acer/Desktop/CDAC/AVR/softwares/avr-gcc-8.2.0-x64-linux/avr/include/util/delay.h ****     \brief CPU frequency in Hz
  96:/home/acer/Desktop/CDAC/AVR/softwares/avr-gcc-8.2.0-x64-linux/avr/include/util/delay.h **** 
  97:/home/acer/Desktop/CDAC/AVR/softwares/avr-gcc-8.2.0-x64-linux/avr/include/util/delay.h ****     The macro F_CPU specifies the CPU frequency to be considered by
  98:/home/acer/Desktop/CDAC/AVR/softwares/avr-gcc-8.2.0-x64-linux/avr/include/util/delay.h ****     the delay macros.  This macro is normally supplied by the
  99:/home/acer/Desktop/CDAC/AVR/softwares/avr-gcc-8.2.0-x64-linux/avr/include/util/delay.h ****     environment (e.g. from within a project header, or the project's
 100:/home/acer/Desktop/CDAC/AVR/softwares/avr-gcc-8.2.0-x64-linux/avr/include/util/delay.h ****     Makefile).  The value 1 MHz here is only provided as a "vanilla"
 101:/home/acer/Desktop/CDAC/AVR/softwares/avr-gcc-8.2.0-x64-linux/avr/include/util/delay.h ****     fallback if no such user-provided definition could be found.
 102:/home/acer/Desktop/CDAC/AVR/softwares/avr-gcc-8.2.0-x64-linux/avr/include/util/delay.h **** 
 103:/home/acer/Desktop/CDAC/AVR/softwares/avr-gcc-8.2.0-x64-linux/avr/include/util/delay.h ****     In terms of the delay functions, the CPU frequency can be given as
 104:/home/acer/Desktop/CDAC/AVR/softwares/avr-gcc-8.2.0-x64-linux/avr/include/util/delay.h ****     a floating-point constant (e.g. 3.6864E6 for 3.6864 MHz).
 105:/home/acer/Desktop/CDAC/AVR/softwares/avr-gcc-8.2.0-x64-linux/avr/include/util/delay.h ****     However, the macros in <util/setbaud.h> require it to be an
 106:/home/acer/Desktop/CDAC/AVR/softwares/avr-gcc-8.2.0-x64-linux/avr/include/util/delay.h ****     integer value.
 107:/home/acer/Desktop/CDAC/AVR/softwares/avr-gcc-8.2.0-x64-linux/avr/include/util/delay.h ****  */
 108:/home/acer/Desktop/CDAC/AVR/softwares/avr-gcc-8.2.0-x64-linux/avr/include/util/delay.h **** # define F_CPU 1000000UL
 109:/home/acer/Desktop/CDAC/AVR/softwares/avr-gcc-8.2.0-x64-linux/avr/include/util/delay.h **** #endif
 110:/home/acer/Desktop/CDAC/AVR/softwares/avr-gcc-8.2.0-x64-linux/avr/include/util/delay.h **** 
 111:/home/acer/Desktop/CDAC/AVR/softwares/avr-gcc-8.2.0-x64-linux/avr/include/util/delay.h **** #ifndef __OPTIMIZE__
 112:/home/acer/Desktop/CDAC/AVR/softwares/avr-gcc-8.2.0-x64-linux/avr/include/util/delay.h **** # warning "Compiler optimizations disabled; functions from <util/delay.h> won't work as designed"
 113:/home/acer/Desktop/CDAC/AVR/softwares/avr-gcc-8.2.0-x64-linux/avr/include/util/delay.h **** #endif
 114:/home/acer/Desktop/CDAC/AVR/softwares/avr-gcc-8.2.0-x64-linux/avr/include/util/delay.h **** 
 115:/home/acer/Desktop/CDAC/AVR/softwares/avr-gcc-8.2.0-x64-linux/avr/include/util/delay.h **** #if __HAS_DELAY_CYCLES && defined(__OPTIMIZE__) && \
 116:/home/acer/Desktop/CDAC/AVR/softwares/avr-gcc-8.2.0-x64-linux/avr/include/util/delay.h ****   !defined(__DELAY_BACKWARD_COMPATIBLE__) &&	   \
 117:/home/acer/Desktop/CDAC/AVR/softwares/avr-gcc-8.2.0-x64-linux/avr/include/util/delay.h ****   __STDC_HOSTED__
 118:/home/acer/Desktop/CDAC/AVR/softwares/avr-gcc-8.2.0-x64-linux/avr/include/util/delay.h **** #  include <math.h>
 119:/home/acer/Desktop/CDAC/AVR/softwares/avr-gcc-8.2.0-x64-linux/avr/include/util/delay.h **** #endif
 120:/home/acer/Desktop/CDAC/AVR/softwares/avr-gcc-8.2.0-x64-linux/avr/include/util/delay.h **** 
 121:/home/acer/Desktop/CDAC/AVR/softwares/avr-gcc-8.2.0-x64-linux/avr/include/util/delay.h **** /**
 122:/home/acer/Desktop/CDAC/AVR/softwares/avr-gcc-8.2.0-x64-linux/avr/include/util/delay.h ****    \ingroup util_delay
 123:/home/acer/Desktop/CDAC/AVR/softwares/avr-gcc-8.2.0-x64-linux/avr/include/util/delay.h **** 
 124:/home/acer/Desktop/CDAC/AVR/softwares/avr-gcc-8.2.0-x64-linux/avr/include/util/delay.h ****    Perform a delay of \c __ms milliseconds, using _delay_loop_2().
 125:/home/acer/Desktop/CDAC/AVR/softwares/avr-gcc-8.2.0-x64-linux/avr/include/util/delay.h **** 
 126:/home/acer/Desktop/CDAC/AVR/softwares/avr-gcc-8.2.0-x64-linux/avr/include/util/delay.h ****    The macro F_CPU is supposed to be defined to a
 127:/home/acer/Desktop/CDAC/AVR/softwares/avr-gcc-8.2.0-x64-linux/avr/include/util/delay.h ****    constant defining the CPU clock frequency (in Hertz).
 128:/home/acer/Desktop/CDAC/AVR/softwares/avr-gcc-8.2.0-x64-linux/avr/include/util/delay.h **** 
 129:/home/acer/Desktop/CDAC/AVR/softwares/avr-gcc-8.2.0-x64-linux/avr/include/util/delay.h ****    The maximal possible delay is 262.14 ms / F_CPU in MHz.
 130:/home/acer/Desktop/CDAC/AVR/softwares/avr-gcc-8.2.0-x64-linux/avr/include/util/delay.h **** 
 131:/home/acer/Desktop/CDAC/AVR/softwares/avr-gcc-8.2.0-x64-linux/avr/include/util/delay.h ****    When the user request delay which exceed the maximum possible one,
 132:/home/acer/Desktop/CDAC/AVR/softwares/avr-gcc-8.2.0-x64-linux/avr/include/util/delay.h ****    _delay_ms() provides a decreased resolution functionality. In this
 133:/home/acer/Desktop/CDAC/AVR/softwares/avr-gcc-8.2.0-x64-linux/avr/include/util/delay.h ****    mode _delay_ms() will work with a resolution of 1/10 ms, providing
 134:/home/acer/Desktop/CDAC/AVR/softwares/avr-gcc-8.2.0-x64-linux/avr/include/util/delay.h ****    delays up to 6.5535 seconds (independent from CPU frequency).  The
 135:/home/acer/Desktop/CDAC/AVR/softwares/avr-gcc-8.2.0-x64-linux/avr/include/util/delay.h ****    user will not be informed about decreased resolution.
 136:/home/acer/Desktop/CDAC/AVR/softwares/avr-gcc-8.2.0-x64-linux/avr/include/util/delay.h **** 
 137:/home/acer/Desktop/CDAC/AVR/softwares/avr-gcc-8.2.0-x64-linux/avr/include/util/delay.h ****    If the avr-gcc toolchain has __builtin_avr_delay_cycles()
 138:/home/acer/Desktop/CDAC/AVR/softwares/avr-gcc-8.2.0-x64-linux/avr/include/util/delay.h ****    support, maximal possible delay is 4294967.295 ms/ F_CPU in MHz. For
 139:/home/acer/Desktop/CDAC/AVR/softwares/avr-gcc-8.2.0-x64-linux/avr/include/util/delay.h ****    values greater than the maximal possible delay, overflows results in
 140:/home/acer/Desktop/CDAC/AVR/softwares/avr-gcc-8.2.0-x64-linux/avr/include/util/delay.h ****    no delay i.e., 0ms.
 141:/home/acer/Desktop/CDAC/AVR/softwares/avr-gcc-8.2.0-x64-linux/avr/include/util/delay.h **** 
 142:/home/acer/Desktop/CDAC/AVR/softwares/avr-gcc-8.2.0-x64-linux/avr/include/util/delay.h ****    Conversion of \c __ms into clock cycles may not always result in
 143:/home/acer/Desktop/CDAC/AVR/softwares/avr-gcc-8.2.0-x64-linux/avr/include/util/delay.h ****    integer.  By default, the clock cycles rounded up to next
 144:/home/acer/Desktop/CDAC/AVR/softwares/avr-gcc-8.2.0-x64-linux/avr/include/util/delay.h ****    integer. This ensures that the user gets at least \c __ms
 145:/home/acer/Desktop/CDAC/AVR/softwares/avr-gcc-8.2.0-x64-linux/avr/include/util/delay.h ****    microseconds of delay.
 146:/home/acer/Desktop/CDAC/AVR/softwares/avr-gcc-8.2.0-x64-linux/avr/include/util/delay.h **** 
 147:/home/acer/Desktop/CDAC/AVR/softwares/avr-gcc-8.2.0-x64-linux/avr/include/util/delay.h ****    Alternatively, by defining the macro \c __DELAY_ROUND_DOWN__, or
 148:/home/acer/Desktop/CDAC/AVR/softwares/avr-gcc-8.2.0-x64-linux/avr/include/util/delay.h ****    \c __DELAY_ROUND_CLOSEST__, before including this header file, the
 149:/home/acer/Desktop/CDAC/AVR/softwares/avr-gcc-8.2.0-x64-linux/avr/include/util/delay.h ****    algorithm can be made to round down, or round to closest integer,
 150:/home/acer/Desktop/CDAC/AVR/softwares/avr-gcc-8.2.0-x64-linux/avr/include/util/delay.h ****    respectively.
 151:/home/acer/Desktop/CDAC/AVR/softwares/avr-gcc-8.2.0-x64-linux/avr/include/util/delay.h **** 
 152:/home/acer/Desktop/CDAC/AVR/softwares/avr-gcc-8.2.0-x64-linux/avr/include/util/delay.h ****    \note
 153:/home/acer/Desktop/CDAC/AVR/softwares/avr-gcc-8.2.0-x64-linux/avr/include/util/delay.h **** 
 154:/home/acer/Desktop/CDAC/AVR/softwares/avr-gcc-8.2.0-x64-linux/avr/include/util/delay.h ****    The implementation of _delay_ms() based on
 155:/home/acer/Desktop/CDAC/AVR/softwares/avr-gcc-8.2.0-x64-linux/avr/include/util/delay.h ****    __builtin_avr_delay_cycles() is not backward compatible with older
 156:/home/acer/Desktop/CDAC/AVR/softwares/avr-gcc-8.2.0-x64-linux/avr/include/util/delay.h ****    implementations.  In order to get functionality backward compatible
 157:/home/acer/Desktop/CDAC/AVR/softwares/avr-gcc-8.2.0-x64-linux/avr/include/util/delay.h ****    with previous versions, the macro \c "__DELAY_BACKWARD_COMPATIBLE__"
 158:/home/acer/Desktop/CDAC/AVR/softwares/avr-gcc-8.2.0-x64-linux/avr/include/util/delay.h ****    must be defined before including this header file. Also, the
 159:/home/acer/Desktop/CDAC/AVR/softwares/avr-gcc-8.2.0-x64-linux/avr/include/util/delay.h ****    backward compatible algorithm will be chosen if the code is
 160:/home/acer/Desktop/CDAC/AVR/softwares/avr-gcc-8.2.0-x64-linux/avr/include/util/delay.h ****    compiled in a <em>freestanding environment</em> (GCC option
 161:/home/acer/Desktop/CDAC/AVR/softwares/avr-gcc-8.2.0-x64-linux/avr/include/util/delay.h ****    \c -ffreestanding), as the math functions required for rounding are
 162:/home/acer/Desktop/CDAC/AVR/softwares/avr-gcc-8.2.0-x64-linux/avr/include/util/delay.h ****    not available to the compiler then.
 163:/home/acer/Desktop/CDAC/AVR/softwares/avr-gcc-8.2.0-x64-linux/avr/include/util/delay.h **** 
 164:/home/acer/Desktop/CDAC/AVR/softwares/avr-gcc-8.2.0-x64-linux/avr/include/util/delay.h ****  */
 165:/home/acer/Desktop/CDAC/AVR/softwares/avr-gcc-8.2.0-x64-linux/avr/include/util/delay.h **** void
 166:/home/acer/Desktop/CDAC/AVR/softwares/avr-gcc-8.2.0-x64-linux/avr/include/util/delay.h **** _delay_ms(double __ms)
  39               		.loc 2 166 1 view .LVU7
  40               	.LBB37:
 167:/home/acer/Desktop/CDAC/AVR/softwares/avr-gcc-8.2.0-x64-linux/avr/include/util/delay.h **** {
 168:/home/acer/Desktop/CDAC/AVR/softwares/avr-gcc-8.2.0-x64-linux/avr/include/util/delay.h **** 	double __tmp ;
  41               		.loc 2 168 2 view .LVU8
 169:/home/acer/Desktop/CDAC/AVR/softwares/avr-gcc-8.2.0-x64-linux/avr/include/util/delay.h **** #if __HAS_DELAY_CYCLES && defined(__OPTIMIZE__) && \
 170:/home/acer/Desktop/CDAC/AVR/softwares/avr-gcc-8.2.0-x64-linux/avr/include/util/delay.h ****   !defined(__DELAY_BACKWARD_COMPATIBLE__) &&	   \
 171:/home/acer/Desktop/CDAC/AVR/softwares/avr-gcc-8.2.0-x64-linux/avr/include/util/delay.h ****   __STDC_HOSTED__
 172:/home/acer/Desktop/CDAC/AVR/softwares/avr-gcc-8.2.0-x64-linux/avr/include/util/delay.h **** 	uint32_t __ticks_dc;
  42               		.loc 2 172 2 view .LVU9
 173:/home/acer/Desktop/CDAC/AVR/softwares/avr-gcc-8.2.0-x64-linux/avr/include/util/delay.h **** 	extern void __builtin_avr_delay_cycles(unsigned long);
  43               		.loc 2 173 2 view .LVU10
 174:/home/acer/Desktop/CDAC/AVR/softwares/avr-gcc-8.2.0-x64-linux/avr/include/util/delay.h **** 	__tmp = ((F_CPU) / 1e3) * __ms;
  44               		.loc 2 174 2 view .LVU11
 175:/home/acer/Desktop/CDAC/AVR/softwares/avr-gcc-8.2.0-x64-linux/avr/include/util/delay.h **** 
 176:/home/acer/Desktop/CDAC/AVR/softwares/avr-gcc-8.2.0-x64-linux/avr/include/util/delay.h **** 	#if defined(__DELAY_ROUND_DOWN__)
 177:/home/acer/Desktop/CDAC/AVR/softwares/avr-gcc-8.2.0-x64-linux/avr/include/util/delay.h **** 		__ticks_dc = (uint32_t)fabs(__tmp);
 178:/home/acer/Desktop/CDAC/AVR/softwares/avr-gcc-8.2.0-x64-linux/avr/include/util/delay.h **** 
 179:/home/acer/Desktop/CDAC/AVR/softwares/avr-gcc-8.2.0-x64-linux/avr/include/util/delay.h **** 	#elif defined(__DELAY_ROUND_CLOSEST__)
 180:/home/acer/Desktop/CDAC/AVR/softwares/avr-gcc-8.2.0-x64-linux/avr/include/util/delay.h **** 		__ticks_dc = (uint32_t)(fabs(__tmp)+0.5);
 181:/home/acer/Desktop/CDAC/AVR/softwares/avr-gcc-8.2.0-x64-linux/avr/include/util/delay.h **** 
 182:/home/acer/Desktop/CDAC/AVR/softwares/avr-gcc-8.2.0-x64-linux/avr/include/util/delay.h **** 	#else
 183:/home/acer/Desktop/CDAC/AVR/softwares/avr-gcc-8.2.0-x64-linux/avr/include/util/delay.h **** 		//round up by default
 184:/home/acer/Desktop/CDAC/AVR/softwares/avr-gcc-8.2.0-x64-linux/avr/include/util/delay.h **** 		__ticks_dc = (uint32_t)(ceil(fabs(__tmp)));
  45               		.loc 2 184 3 view .LVU12
 185:/home/acer/Desktop/CDAC/AVR/softwares/avr-gcc-8.2.0-x64-linux/avr/include/util/delay.h **** 	#endif
 186:/home/acer/Desktop/CDAC/AVR/softwares/avr-gcc-8.2.0-x64-linux/avr/include/util/delay.h **** 
 187:/home/acer/Desktop/CDAC/AVR/softwares/avr-gcc-8.2.0-x64-linux/avr/include/util/delay.h **** 	__builtin_avr_delay_cycles(__ticks_dc);
  46               		.loc 2 187 2 view .LVU13
  47 0010 2FE7      		ldi r18,lo8(79999)
  48 0012 38E3      		ldi r19,hi8(79999)
  49 0014 41E0      		ldi r20,hlo8(79999)
  50 0016 2150      	1:	subi r18,1
  51 0018 3040      		sbci r19,0
  52 001a 4040      		sbci r20,0
  53 001c 01F4      		brne 1b
  54 001e 00C0      		rjmp .
  55 0020 0000      		nop
  56               	.LVL3:
  57               		.loc 2 187 2 is_stmt 0 view .LVU14
  58               	.LBE37:
  59               	.LBE36:
  35:main.c        **** 			adc_val1 = adc_val;
  60               		.loc 1 35 4 is_stmt 1 view .LVU15
  61               		.loc 1 35 13 is_stmt 0 view .LVU16
  62 0022 8091 0000 		lds r24,adc_val
  63 0026 9091 0000 		lds r25,adc_val+1
  64 002a 9093 0000 		sts adc_val1+1,r25
  65 002e 8093 0000 		sts adc_val1,r24
  36:main.c        **** 			adc_flag = 0;
  66               		.loc 1 36 4 is_stmt 1 view .LVU17
  67               		.loc 1 36 13 is_stmt 0 view .LVU18
  68 0032 1092 0000 		sts adc_flag+1,__zero_reg__
  69 0036 1092 0000 		sts adc_flag,__zero_reg__
  37:main.c        **** 			adc_flag1 = 0;
  70               		.loc 1 37 4 is_stmt 1 view .LVU19
  71               		.loc 1 37 14 is_stmt 0 view .LVU20
  72 003a 1092 0000 		sts adc_flag1+1,__zero_reg__
  73 003e 1092 0000 		sts adc_flag1,__zero_reg__
  38:main.c        **** 			adc_flag2 = 1;
  74               		.loc 1 38 4 is_stmt 1 view .LVU21
  75               		.loc 1 38 14 is_stmt 0 view .LVU22
  76 0042 81E0      		ldi r24,lo8(1)
  77 0044 90E0      		ldi r25,0
  78 0046 9093 0000 		sts adc_flag2+1,r25
  79 004a 8093 0000 		sts adc_flag2,r24
  80               	.L3:
  39:main.c        **** 			
  40:main.c        **** 		}
  41:main.c        **** 		else
  42:main.c        **** 		{
  43:main.c        **** 			
  44:main.c        **** 			// Nothing to do
  45:main.c        **** 		}
  46:main.c        **** 	}
  47:main.c        **** 		else if(x==1)
  48:main.c        **** 	{
  49:main.c        **** 		if(adc_flag)
  50:main.c        **** 		{
  51:main.c        **** 			_delay_ms(100);
  52:main.c        **** 			adc_val2 = adc_val;
  53:main.c        **** 			adc_flag = 0;
  54:main.c        **** 			adc_flag2= 0;
  55:main.c        **** 			adc_flag1 = 1;			
  56:main.c        **** 		}
  57:main.c        **** 		else
  58:main.c        **** 		{
  59:main.c        **** 			
  60:main.c        **** 			//Nothing to do
  61:main.c        **** 		}
  81               		.loc 1 61 3 is_stmt 1 view .LVU23
  62:main.c        **** 		
  63:main.c        **** 	}
  64:main.c        **** 		_delay_ms(200);
  82               		.loc 1 64 3 view .LVU24
  83               	.LVL4:
  84               	.LBB38:
  85               	.LBI38:
 166:/home/acer/Desktop/CDAC/AVR/softwares/avr-gcc-8.2.0-x64-linux/avr/include/util/delay.h **** {
  86               		.loc 2 166 1 view .LVU25
  87               	.LBB39:
 168:/home/acer/Desktop/CDAC/AVR/softwares/avr-gcc-8.2.0-x64-linux/avr/include/util/delay.h **** #if __HAS_DELAY_CYCLES && defined(__OPTIMIZE__) && \
  88               		.loc 2 168 2 view .LVU26
 172:/home/acer/Desktop/CDAC/AVR/softwares/avr-gcc-8.2.0-x64-linux/avr/include/util/delay.h **** 	extern void __builtin_avr_delay_cycles(unsigned long);
  89               		.loc 2 172 2 view .LVU27
 173:/home/acer/Desktop/CDAC/AVR/softwares/avr-gcc-8.2.0-x64-linux/avr/include/util/delay.h **** 	__tmp = ((F_CPU) / 1e3) * __ms;
  90               		.loc 2 173 2 view .LVU28
 174:/home/acer/Desktop/CDAC/AVR/softwares/avr-gcc-8.2.0-x64-linux/avr/include/util/delay.h **** 
  91               		.loc 2 174 2 view .LVU29
 184:/home/acer/Desktop/CDAC/AVR/softwares/avr-gcc-8.2.0-x64-linux/avr/include/util/delay.h **** 	#endif
  92               		.loc 2 184 3 view .LVU30
  93               		.loc 2 187 2 view .LVU31
  94 004e 8FEF      		ldi r24,lo8(159999)
  95 0050 90E7      		ldi r25,hi8(159999)
  96 0052 22E0      		ldi r18,hlo8(159999)
  97 0054 8150      	1:	subi r24,1
  98 0056 9040      		sbci r25,0
  99 0058 2040      		sbci r18,0
 100 005a 01F4      		brne 1b
 101 005c 00C0      		rjmp .
 102 005e 0000      		nop
 103               	.LVL5:
 104               	/* epilogue start */
 105               		.loc 2 187 2 is_stmt 0 view .LVU32
 106               	.LBE39:
 107               	.LBE38:
  65:main.c        **** 		
  66:main.c        **** }
 108               		.loc 1 66 1 view .LVU33
 109 0060 0895      		ret
 110               	.LVL6:
 111               	.L2:
  47:main.c        **** 	{
 112               		.loc 1 47 8 is_stmt 1 view .LVU34
  47:main.c        **** 	{
 113               		.loc 1 47 10 is_stmt 0 view .LVU35
 114 0062 8130      		cpi r24,1
 115 0064 9105      		cpc r25,__zero_reg__
 116 0066 01F4      		brne .L3
  49:main.c        **** 		{
 117               		.loc 1 49 3 is_stmt 1 view .LVU36
  49:main.c        **** 		{
 118               		.loc 1 49 6 is_stmt 0 view .LVU37
 119 0068 2091 0000 		lds r18,adc_flag
 120 006c 3091 0000 		lds r19,adc_flag+1
  49:main.c        **** 		{
 121               		.loc 1 49 5 view .LVU38
 122 0070 232B      		or r18,r19
 123 0072 01F0      		breq .L3
  51:main.c        **** 			adc_val2 = adc_val;
 124               		.loc 1 51 4 is_stmt 1 view .LVU39
 125               	.LVL7:
 126               	.LBB40:
 127               	.LBI40:
 166:/home/acer/Desktop/CDAC/AVR/softwares/avr-gcc-8.2.0-x64-linux/avr/include/util/delay.h **** {
 128               		.loc 2 166 1 view .LVU40
 129               	.LBB41:
 168:/home/acer/Desktop/CDAC/AVR/softwares/avr-gcc-8.2.0-x64-linux/avr/include/util/delay.h **** #if __HAS_DELAY_CYCLES && defined(__OPTIMIZE__) && \
 130               		.loc 2 168 2 view .LVU41
 172:/home/acer/Desktop/CDAC/AVR/softwares/avr-gcc-8.2.0-x64-linux/avr/include/util/delay.h **** 	extern void __builtin_avr_delay_cycles(unsigned long);
 131               		.loc 2 172 2 view .LVU42
 173:/home/acer/Desktop/CDAC/AVR/softwares/avr-gcc-8.2.0-x64-linux/avr/include/util/delay.h **** 	__tmp = ((F_CPU) / 1e3) * __ms;
 132               		.loc 2 173 2 view .LVU43
 174:/home/acer/Desktop/CDAC/AVR/softwares/avr-gcc-8.2.0-x64-linux/avr/include/util/delay.h **** 
 133               		.loc 2 174 2 view .LVU44
 184:/home/acer/Desktop/CDAC/AVR/softwares/avr-gcc-8.2.0-x64-linux/avr/include/util/delay.h **** 	#endif
 134               		.loc 2 184 3 view .LVU45
 135               		.loc 2 187 2 view .LVU46
 136 0074 2FE7      		ldi r18,lo8(79999)
 137 0076 38E3      		ldi r19,hi8(79999)
 138 0078 41E0      		ldi r20,hlo8(79999)
 139 007a 2150      	1:	subi r18,1
 140 007c 3040      		sbci r19,0
 141 007e 4040      		sbci r20,0
 142 0080 01F4      		brne 1b
 143 0082 00C0      		rjmp .
 144 0084 0000      		nop
 145               	.LVL8:
 146               		.loc 2 187 2 is_stmt 0 view .LVU47
 147               	.LBE41:
 148               	.LBE40:
  52:main.c        **** 			adc_flag = 0;
 149               		.loc 1 52 4 is_stmt 1 view .LVU48
  52:main.c        **** 			adc_flag = 0;
 150               		.loc 1 52 13 is_stmt 0 view .LVU49
 151 0086 2091 0000 		lds r18,adc_val
 152 008a 3091 0000 		lds r19,adc_val+1
 153 008e 3093 0000 		sts adc_val2+1,r19
 154 0092 2093 0000 		sts adc_val2,r18
  53:main.c        **** 			adc_flag2= 0;
 155               		.loc 1 53 4 is_stmt 1 view .LVU50
  53:main.c        **** 			adc_flag2= 0;
 156               		.loc 1 53 13 is_stmt 0 view .LVU51
 157 0096 1092 0000 		sts adc_flag+1,__zero_reg__
 158 009a 1092 0000 		sts adc_flag,__zero_reg__
  54:main.c        **** 			adc_flag1 = 1;			
 159               		.loc 1 54 4 is_stmt 1 view .LVU52
  54:main.c        **** 			adc_flag1 = 1;			
 160               		.loc 1 54 13 is_stmt 0 view .LVU53
 161 009e 1092 0000 		sts adc_flag2+1,__zero_reg__
 162 00a2 1092 0000 		sts adc_flag2,__zero_reg__
  55:main.c        **** 		}
 163               		.loc 1 55 4 is_stmt 1 view .LVU54
  55:main.c        **** 		}
 164               		.loc 1 55 14 is_stmt 0 view .LVU55
 165 00a6 9093 0000 		sts adc_flag1+1,r25
 166 00aa 8093 0000 		sts adc_flag1,r24
 167 00ae 00C0      		rjmp .L3
 168               		.cfi_endproc
 169               	.LFE6:
 171               		.section	.rodata.str1.1,"aMS",@progbits,1
 172               	.LC0:
 173 0000 4D6F 7665 		.string	"Move: %d"
 173      3A20 2564 
 173      00
 174               	.LC1:
 175 0009 313A 2534 		.string	"1:%4d 2:%4d"
 175      6420 323A 
 175      2534 6400 
 176               		.text
 177               	.global	print
 179               	print:
 180               	.LFB7:
  67:main.c        **** 
  68:main.c        **** void print()
  69:main.c        **** {
 181               		.loc 1 69 1 is_stmt 1 view -0
 182               		.cfi_startproc
 183 00b0 CF93      		push r28
 184               	.LCFI0:
 185               		.cfi_def_cfa_offset 3
 186               		.cfi_offset 28, -2
 187 00b2 DF93      		push r29
 188               	.LCFI1:
 189               		.cfi_def_cfa_offset 4
 190               		.cfi_offset 29, -3
 191               	/* prologue: function */
 192               	/* frame size = 0 */
 193               	/* stack size = 2 */
 194               	.L__stack_usage = 2
  70:main.c        **** 	if(adc_val1<=152 && adc_val1>=147 && adc_val2<=159 && adc_val2>=152)
 195               		.loc 1 70 2 view .LVU57
 196               		.loc 1 70 13 is_stmt 0 view .LVU58
 197 00b4 8091 0000 		lds r24,adc_val1
 198 00b8 9091 0000 		lds r25,adc_val1+1
 199               		.loc 1 70 4 view .LVU59
 200 00bc 8939      		cpi r24,-103
 201 00be 9105      		cpc r25,__zero_reg__
 202 00c0 00F0      		brlo .+2
 203 00c2 00C0      		rjmp .L11
 204               		.loc 1 70 30 discriminator 1 view .LVU60
 205 00c4 8091 0000 		lds r24,adc_val1
 206 00c8 9091 0000 		lds r25,adc_val1+1
 207               		.loc 1 70 19 discriminator 1 view .LVU61
 208 00cc 8339      		cpi r24,-109
 209 00ce 9105      		cpc r25,__zero_reg__
 210 00d0 00F4      		brsh .+2
 211 00d2 00C0      		rjmp .L11
 212               		.loc 1 70 47 discriminator 2 view .LVU62
 213 00d4 8091 0000 		lds r24,adc_val2
 214 00d8 9091 0000 		lds r25,adc_val2+1
 215               		.loc 1 70 36 discriminator 2 view .LVU63
 216 00dc 803A      		cpi r24,-96
 217 00de 9105      		cpc r25,__zero_reg__
 218 00e0 00F0      		brlo .+2
 219 00e2 00C0      		rjmp .L11
 220               		.loc 1 70 64 discriminator 3 view .LVU64
 221 00e4 8091 0000 		lds r24,adc_val2
 222 00e8 9091 0000 		lds r25,adc_val2+1
 223               		.loc 1 70 53 discriminator 3 view .LVU65
 224 00ec 8839      		cpi r24,-104
 225 00ee 9105      		cpc r25,__zero_reg__
 226 00f0 00F4      		brsh .+2
 227 00f2 00C0      		rjmp .L11
  71:main.c        **** 		ch=2;
 228               		.loc 1 71 3 is_stmt 1 view .LVU66
 229               		.loc 1 71 5 is_stmt 0 view .LVU67
 230 00f4 82E0      		ldi r24,lo8(2)
 231 00f6 90E0      		ldi r25,0
 232               	.L16:
  72:main.c        **** 	else if(adc_val1>=159 && adc_val1<=163 && adc_val2<=159 && adc_val2>=152)
  73:main.c        **** 		ch=1;
 233               		.loc 1 73 5 view .LVU68
 234 00f8 9093 0000 		sts ch+1,r25
 235 00fc 8093 0000 		sts ch,r24
 236               	.L12:
  74:main.c        **** 	if(adc_val2<=152 && adc_val2>=147 && adc_val1<=159 && adc_val1>=152)
 237               		.loc 1 74 2 is_stmt 1 view .LVU69
 238               		.loc 1 74 13 is_stmt 0 view .LVU70
 239 0100 8091 0000 		lds r24,adc_val2
 240 0104 9091 0000 		lds r25,adc_val2+1
 241               		.loc 1 74 4 view .LVU71
 242 0108 8939      		cpi r24,-103
 243 010a 9105      		cpc r25,__zero_reg__
 244 010c 00F0      		brlo .+2
 245 010e 00C0      		rjmp .L13
 246               		.loc 1 74 30 discriminator 1 view .LVU72
 247 0110 8091 0000 		lds r24,adc_val2
 248 0114 9091 0000 		lds r25,adc_val2+1
 249               		.loc 1 74 19 discriminator 1 view .LVU73
 250 0118 8339      		cpi r24,-109
 251 011a 9105      		cpc r25,__zero_reg__
 252 011c 00F4      		brsh .+2
 253 011e 00C0      		rjmp .L13
 254               		.loc 1 74 47 discriminator 2 view .LVU74
 255 0120 8091 0000 		lds r24,adc_val1
 256 0124 9091 0000 		lds r25,adc_val1+1
 257               		.loc 1 74 36 discriminator 2 view .LVU75
 258 0128 803A      		cpi r24,-96
 259 012a 9105      		cpc r25,__zero_reg__
 260 012c 00F0      		brlo .+2
 261 012e 00C0      		rjmp .L13
 262               		.loc 1 74 64 discriminator 3 view .LVU76
 263 0130 8091 0000 		lds r24,adc_val1
 264 0134 9091 0000 		lds r25,adc_val1+1
 265               		.loc 1 74 53 discriminator 3 view .LVU77
 266 0138 8839      		cpi r24,-104
 267 013a 9105      		cpc r25,__zero_reg__
 268 013c 00F4      		brsh .+2
 269 013e 00C0      		rjmp .L13
  75:main.c        **** 		ch=4;
 270               		.loc 1 75 3 is_stmt 1 view .LVU78
 271               		.loc 1 75 5 is_stmt 0 view .LVU79
 272 0140 84E0      		ldi r24,lo8(4)
 273 0142 90E0      		ldi r25,0
 274               	.L17:
  76:main.c        **** 	else if(adc_val2>=159 && adc_val2<=163 && adc_val1<=159 && adc_val1>=152 )
  77:main.c        **** 		ch=3;
 275               		.loc 1 77 5 view .LVU80
 276 0144 9093 0000 		sts ch+1,r25
 277 0148 8093 0000 		sts ch,r24
 278               	.L14:
  78:main.c        **** 	else if (adc_val1<=159 && adc_val1>=152 && adc_val2<=159 && adc_val2>=152)
  79:main.c        **** 		ch=0;
  80:main.c        **** 	
  81:main.c        **** 	sprintf(str, "Move: %d", ch);
 279               		.loc 1 81 2 is_stmt 1 view .LVU81
 280 014c 8091 0000 		lds r24,ch
 281 0150 9091 0000 		lds r25,ch+1
 282 0154 9F93      		push r25
 283               	.LCFI2:
 284               		.cfi_def_cfa_offset 5
 285 0156 8F93      		push r24
 286               	.LCFI3:
 287               		.cfi_def_cfa_offset 6
 288 0158 80E0      		ldi r24,lo8(.LC0)
 289 015a 90E0      		ldi r25,hi8(.LC0)
 290 015c 9F93      		push r25
 291               	.LCFI4:
 292               		.cfi_def_cfa_offset 7
 293 015e 8F93      		push r24
 294               	.LCFI5:
 295               		.cfi_def_cfa_offset 8
 296 0160 C0E0      		ldi r28,lo8(str)
 297 0162 D0E0      		ldi r29,hi8(str)
 298 0164 DF93      		push r29
 299               	.LCFI6:
 300               		.cfi_def_cfa_offset 9
 301 0166 CF93      		push r28
 302               	.LCFI7:
 303               		.cfi_def_cfa_offset 10
 304 0168 0E94 0000 		call sprintf
 305               	.LVL9:
  82:main.c        **** 	lcd_putstring(1, str);
 306               		.loc 1 82 2 view .LVU82
 307 016c BE01      		movw r22,r28
 308 016e 81E0      		ldi r24,lo8(1)
 309 0170 0E94 0000 		call lcd_putstring
 310               	.LVL10:
  83:main.c        **** 	
  84:main.c        **** 	
  85:main.c        **** 	sprintf(str, "1:%4d 2:%4d",adc_val1,adc_val2);
 311               		.loc 1 85 2 view .LVU83
 312 0174 2091 0000 		lds r18,adc_val2
 313 0178 3091 0000 		lds r19,adc_val2+1
 314 017c 8091 0000 		lds r24,adc_val1
 315 0180 9091 0000 		lds r25,adc_val1+1
 316 0184 3F93      		push r19
 317               	.LCFI8:
 318               		.cfi_def_cfa_offset 11
 319 0186 2F93      		push r18
 320               	.LCFI9:
 321               		.cfi_def_cfa_offset 12
 322 0188 9F93      		push r25
 323               	.LCFI10:
 324               		.cfi_def_cfa_offset 13
 325 018a 8F93      		push r24
 326               	.LCFI11:
 327               		.cfi_def_cfa_offset 14
 328 018c 80E0      		ldi r24,lo8(.LC1)
 329 018e 90E0      		ldi r25,hi8(.LC1)
 330 0190 9F93      		push r25
 331               	.LCFI12:
 332               		.cfi_def_cfa_offset 15
 333 0192 8F93      		push r24
 334               	.LCFI13:
 335               		.cfi_def_cfa_offset 16
 336 0194 DF93      		push r29
 337               	.LCFI14:
 338               		.cfi_def_cfa_offset 17
 339 0196 CF93      		push r28
 340               	.LCFI15:
 341               		.cfi_def_cfa_offset 18
 342 0198 0E94 0000 		call sprintf
 343               	.LVL11:
  86:main.c        **** 	lcd_putstring(0, str);
 344               		.loc 1 86 2 view .LVU84
 345 019c BE01      		movw r22,r28
 346 019e 80E0      		ldi r24,0
 347 01a0 0E94 0000 		call lcd_putstring
 348               	.LVL12:
  87:main.c        **** 	//sprintf(str, "val2:%4d",adc_val2);
  88:main.c        **** 	//lcd_putstring(1, str);
  89:main.c        **** 	
  90:main.c        **** }
 349               		.loc 1 90 1 is_stmt 0 view .LVU85
 350 01a4 8DB7      		in r24,__SP_L__
 351 01a6 9EB7      		in r25,__SP_H__
 352 01a8 0E96      		adiw r24,14
 353 01aa 0FB6      		in __tmp_reg__,__SREG__
 354 01ac F894      		cli
 355 01ae 9EBF      		out __SP_H__,r25
 356 01b0 0FBE      		out __SREG__,__tmp_reg__
 357 01b2 8DBF      		out __SP_L__,r24
 358               	.LCFI16:
 359               		.cfi_def_cfa_offset 4
 360               	/* epilogue start */
 361 01b4 DF91      		pop r29
 362 01b6 CF91      		pop r28
 363 01b8 0895      		ret
 364               	.L11:
  72:main.c        **** 		ch=1;
 365               		.loc 1 72 7 is_stmt 1 view .LVU86
  72:main.c        **** 		ch=1;
 366               		.loc 1 72 18 is_stmt 0 view .LVU87
 367 01ba 8091 0000 		lds r24,adc_val1
 368 01be 9091 0000 		lds r25,adc_val1+1
  72:main.c        **** 		ch=1;
 369               		.loc 1 72 9 view .LVU88
 370 01c2 8F39      		cpi r24,-97
 371 01c4 9105      		cpc r25,__zero_reg__
 372 01c6 00F4      		brsh .+2
 373 01c8 00C0      		rjmp .L12
  72:main.c        **** 		ch=1;
 374               		.loc 1 72 35 discriminator 1 view .LVU89
 375 01ca 8091 0000 		lds r24,adc_val1
 376 01ce 9091 0000 		lds r25,adc_val1+1
  72:main.c        **** 		ch=1;
 377               		.loc 1 72 24 discriminator 1 view .LVU90
 378 01d2 843A      		cpi r24,-92
 379 01d4 9105      		cpc r25,__zero_reg__
 380 01d6 00F0      		brlo .+2
 381 01d8 00C0      		rjmp .L12
  72:main.c        **** 		ch=1;
 382               		.loc 1 72 52 discriminator 2 view .LVU91
 383 01da 8091 0000 		lds r24,adc_val2
 384 01de 9091 0000 		lds r25,adc_val2+1
  72:main.c        **** 		ch=1;
 385               		.loc 1 72 41 discriminator 2 view .LVU92
 386 01e2 803A      		cpi r24,-96
 387 01e4 9105      		cpc r25,__zero_reg__
 388 01e6 00F0      		brlo .+2
 389 01e8 00C0      		rjmp .L12
  72:main.c        **** 		ch=1;
 390               		.loc 1 72 69 discriminator 3 view .LVU93
 391 01ea 8091 0000 		lds r24,adc_val2
 392 01ee 9091 0000 		lds r25,adc_val2+1
  72:main.c        **** 		ch=1;
 393               		.loc 1 72 58 discriminator 3 view .LVU94
 394 01f2 8839      		cpi r24,-104
 395 01f4 9105      		cpc r25,__zero_reg__
 396 01f6 00F4      		brsh .+2
 397 01f8 00C0      		rjmp .L12
  73:main.c        **** 	if(adc_val2<=152 && adc_val2>=147 && adc_val1<=159 && adc_val1>=152)
 398               		.loc 1 73 3 is_stmt 1 view .LVU95
  73:main.c        **** 	if(adc_val2<=152 && adc_val2>=147 && adc_val1<=159 && adc_val1>=152)
 399               		.loc 1 73 5 is_stmt 0 view .LVU96
 400 01fa 81E0      		ldi r24,lo8(1)
 401 01fc 90E0      		ldi r25,0
 402 01fe 00C0      		rjmp .L16
 403               	.L13:
  76:main.c        **** 		ch=3;
 404               		.loc 1 76 7 is_stmt 1 view .LVU97
  76:main.c        **** 		ch=3;
 405               		.loc 1 76 18 is_stmt 0 view .LVU98
 406 0200 8091 0000 		lds r24,adc_val2
 407 0204 9091 0000 		lds r25,adc_val2+1
  76:main.c        **** 		ch=3;
 408               		.loc 1 76 9 view .LVU99
 409 0208 8F39      		cpi r24,-97
 410 020a 9105      		cpc r25,__zero_reg__
 411 020c 00F0      		brlo .L15
  76:main.c        **** 		ch=3;
 412               		.loc 1 76 35 discriminator 1 view .LVU100
 413 020e 8091 0000 		lds r24,adc_val2
 414 0212 9091 0000 		lds r25,adc_val2+1
  76:main.c        **** 		ch=3;
 415               		.loc 1 76 24 discriminator 1 view .LVU101
 416 0216 843A      		cpi r24,-92
 417 0218 9105      		cpc r25,__zero_reg__
 418 021a 00F4      		brsh .L15
  76:main.c        **** 		ch=3;
 419               		.loc 1 76 52 discriminator 2 view .LVU102
 420 021c 8091 0000 		lds r24,adc_val1
 421 0220 9091 0000 		lds r25,adc_val1+1
  76:main.c        **** 		ch=3;
 422               		.loc 1 76 41 discriminator 2 view .LVU103
 423 0224 803A      		cpi r24,-96
 424 0226 9105      		cpc r25,__zero_reg__
 425 0228 00F4      		brsh .L15
  76:main.c        **** 		ch=3;
 426               		.loc 1 76 69 discriminator 3 view .LVU104
 427 022a 8091 0000 		lds r24,adc_val1
 428 022e 9091 0000 		lds r25,adc_val1+1
  76:main.c        **** 		ch=3;
 429               		.loc 1 76 58 discriminator 3 view .LVU105
 430 0232 8839      		cpi r24,-104
 431 0234 9105      		cpc r25,__zero_reg__
 432 0236 00F0      		brlo .L15
  77:main.c        **** 	else if (adc_val1<=159 && adc_val1>=152 && adc_val2<=159 && adc_val2>=152)
 433               		.loc 1 77 3 is_stmt 1 view .LVU106
  77:main.c        **** 	else if (adc_val1<=159 && adc_val1>=152 && adc_val2<=159 && adc_val2>=152)
 434               		.loc 1 77 5 is_stmt 0 view .LVU107
 435 0238 83E0      		ldi r24,lo8(3)
 436 023a 90E0      		ldi r25,0
 437 023c 00C0      		rjmp .L17
 438               	.L15:
  78:main.c        **** 		ch=0;
 439               		.loc 1 78 7 is_stmt 1 view .LVU108
  78:main.c        **** 		ch=0;
 440               		.loc 1 78 19 is_stmt 0 view .LVU109
 441 023e 8091 0000 		lds r24,adc_val1
 442 0242 9091 0000 		lds r25,adc_val1+1
  78:main.c        **** 		ch=0;
 443               		.loc 1 78 10 view .LVU110
 444 0246 803A      		cpi r24,-96
 445 0248 9105      		cpc r25,__zero_reg__
 446 024a 00F0      		brlo .+2
 447 024c 00C0      		rjmp .L14
  78:main.c        **** 		ch=0;
 448               		.loc 1 78 36 discriminator 1 view .LVU111
 449 024e 8091 0000 		lds r24,adc_val1
 450 0252 9091 0000 		lds r25,adc_val1+1
  78:main.c        **** 		ch=0;
 451               		.loc 1 78 25 discriminator 1 view .LVU112
 452 0256 8839      		cpi r24,-104
 453 0258 9105      		cpc r25,__zero_reg__
 454 025a 00F4      		brsh .+2
 455 025c 00C0      		rjmp .L14
  78:main.c        **** 		ch=0;
 456               		.loc 1 78 53 discriminator 2 view .LVU113
 457 025e 8091 0000 		lds r24,adc_val2
 458 0262 9091 0000 		lds r25,adc_val2+1
  78:main.c        **** 		ch=0;
 459               		.loc 1 78 42 discriminator 2 view .LVU114
 460 0266 803A      		cpi r24,-96
 461 0268 9105      		cpc r25,__zero_reg__
 462 026a 00F0      		brlo .+2
 463 026c 00C0      		rjmp .L14
  78:main.c        **** 		ch=0;
 464               		.loc 1 78 70 discriminator 3 view .LVU115
 465 026e 8091 0000 		lds r24,adc_val2
 466 0272 9091 0000 		lds r25,adc_val2+1
  78:main.c        **** 		ch=0;
 467               		.loc 1 78 59 discriminator 3 view .LVU116
 468 0276 8839      		cpi r24,-104
 469 0278 9105      		cpc r25,__zero_reg__
 470 027a 00F4      		brsh .+2
 471 027c 00C0      		rjmp .L14
  79:main.c        **** 	
 472               		.loc 1 79 3 is_stmt 1 view .LVU117
  79:main.c        **** 	
 473               		.loc 1 79 5 is_stmt 0 view .LVU118
 474 027e 1092 0000 		sts ch+1,__zero_reg__
 475 0282 1092 0000 		sts ch,__zero_reg__
 476 0286 00C0      		rjmp .L14
 477               		.cfi_endproc
 478               	.LFE7:
 480               		.section	.rodata.str1.1
 481               	.LC2:
 482 0015 4154 2B43 		.string	"AT+CIPSTART=0,\"TCP\",\"192.168.43.241\",4500\r\n"
 482      4950 5354 
 482      4152 543D 
 482      302C 2254 
 482      4350 222C 
 483               	.LC3:
 484 0041 4154 2B43 		.string	"AT+CIPSEND=0,15\r\n"
 484      4950 5345 
 484      4E44 3D30 
 484      2C31 350D 
 484      0A00 
 485               	.LC4:
 486 0053 4745 5420 		.string	"GET /cart/%d\r\n"
 486      2F63 6172 
 486      742F 2564 
 486      0D0A 00
 487               	.LC5:
 488 0062 0D0A 00   		.string	"\r\n"
 489               	.LC6:
 490 0065 4154 2B43 		.string	"AT+CIPCLOSE\r\n"
 490      4950 434C 
 490      4F53 450D 
 490      0A00 
 491               		.text
 492               	.global	esp
 494               	esp:
 495               	.LFB8:
  91:main.c        **** 
  92:main.c        **** void esp()
  93:main.c        **** 	{
 496               		.loc 1 93 2 is_stmt 1 view -0
 497               		.cfi_startproc
 498               	/* prologue: function */
 499               	/* frame size = 0 */
 500               	/* stack size = 0 */
 501               	.L__stack_usage = 0
  94:main.c        **** 				
  95:main.c        **** 		uart_puts("AT+CIPSTART=0,\"TCP\",\"192.168.43.241\",4500\r\n");
 502               		.loc 1 95 3 view .LVU120
 503 0288 80E0      		ldi r24,lo8(.LC2)
 504 028a 90E0      		ldi r25,hi8(.LC2)
 505 028c 0E94 0000 		call uart_puts
 506               	.LVL13:
  96:main.c        **** 		_delay_ms(2000);
 507               		.loc 1 96 3 view .LVU121
 508               	.LBB42:
 509               	.LBI42:
 166:/home/acer/Desktop/CDAC/AVR/softwares/avr-gcc-8.2.0-x64-linux/avr/include/util/delay.h **** {
 510               		.loc 2 166 1 view .LVU122
 511               	.LBB43:
 168:/home/acer/Desktop/CDAC/AVR/softwares/avr-gcc-8.2.0-x64-linux/avr/include/util/delay.h **** #if __HAS_DELAY_CYCLES && defined(__OPTIMIZE__) && \
 512               		.loc 2 168 2 view .LVU123
 172:/home/acer/Desktop/CDAC/AVR/softwares/avr-gcc-8.2.0-x64-linux/avr/include/util/delay.h **** 	extern void __builtin_avr_delay_cycles(unsigned long);
 513               		.loc 2 172 2 view .LVU124
 173:/home/acer/Desktop/CDAC/AVR/softwares/avr-gcc-8.2.0-x64-linux/avr/include/util/delay.h **** 	__tmp = ((F_CPU) / 1e3) * __ms;
 514               		.loc 2 173 2 view .LVU125
 174:/home/acer/Desktop/CDAC/AVR/softwares/avr-gcc-8.2.0-x64-linux/avr/include/util/delay.h **** 
 515               		.loc 2 174 2 view .LVU126
 184:/home/acer/Desktop/CDAC/AVR/softwares/avr-gcc-8.2.0-x64-linux/avr/include/util/delay.h **** 	#endif
 516               		.loc 2 184 3 view .LVU127
 517               		.loc 2 187 2 view .LVU128
 518 0290 2FEF      		ldi r18,lo8(1599999)
 519 0292 89E6      		ldi r24,hi8(1599999)
 520 0294 98E1      		ldi r25,hlo8(1599999)
 521 0296 2150      	1:	subi r18,1
 522 0298 8040      		sbci r24,0
 523 029a 9040      		sbci r25,0
 524 029c 01F4      		brne 1b
 525 029e 00C0      		rjmp .
 526 02a0 0000      		nop
 527               	.LVL14:
 528               		.loc 2 187 2 is_stmt 0 view .LVU129
 529               	.LBE43:
 530               	.LBE42:
  97:main.c        **** 
  98:main.c        **** 		uart_puts("AT+CIPSEND=0,15\r\n");
 531               		.loc 1 98 3 is_stmt 1 view .LVU130
 532 02a2 80E0      		ldi r24,lo8(.LC3)
 533 02a4 90E0      		ldi r25,hi8(.LC3)
 534 02a6 0E94 0000 		call uart_puts
 535               	.LVL15:
  99:main.c        **** 		_delay_ms(2000);
 536               		.loc 1 99 3 view .LVU131
 537               	.LBB44:
 538               	.LBI44:
 166:/home/acer/Desktop/CDAC/AVR/softwares/avr-gcc-8.2.0-x64-linux/avr/include/util/delay.h **** {
 539               		.loc 2 166 1 view .LVU132
 540               	.LBB45:
 168:/home/acer/Desktop/CDAC/AVR/softwares/avr-gcc-8.2.0-x64-linux/avr/include/util/delay.h **** #if __HAS_DELAY_CYCLES && defined(__OPTIMIZE__) && \
 541               		.loc 2 168 2 view .LVU133
 172:/home/acer/Desktop/CDAC/AVR/softwares/avr-gcc-8.2.0-x64-linux/avr/include/util/delay.h **** 	extern void __builtin_avr_delay_cycles(unsigned long);
 542               		.loc 2 172 2 view .LVU134
 173:/home/acer/Desktop/CDAC/AVR/softwares/avr-gcc-8.2.0-x64-linux/avr/include/util/delay.h **** 	__tmp = ((F_CPU) / 1e3) * __ms;
 543               		.loc 2 173 2 view .LVU135
 174:/home/acer/Desktop/CDAC/AVR/softwares/avr-gcc-8.2.0-x64-linux/avr/include/util/delay.h **** 
 544               		.loc 2 174 2 view .LVU136
 184:/home/acer/Desktop/CDAC/AVR/softwares/avr-gcc-8.2.0-x64-linux/avr/include/util/delay.h **** 	#endif
 545               		.loc 2 184 3 view .LVU137
 546               		.loc 2 187 2 view .LVU138
 547 02aa 2FEF      		ldi r18,lo8(1599999)
 548 02ac 89E6      		ldi r24,hi8(1599999)
 549 02ae 98E1      		ldi r25,hlo8(1599999)
 550 02b0 2150      	1:	subi r18,1
 551 02b2 8040      		sbci r24,0
 552 02b4 9040      		sbci r25,0
 553 02b6 01F4      		brne 1b
 554 02b8 00C0      		rjmp .
 555 02ba 0000      		nop
 556               	.LVL16:
 557               		.loc 2 187 2 is_stmt 0 view .LVU139
 558               	.LBE45:
 559               	.LBE44:
 100:main.c        **** 
 101:main.c        **** 		sprintf(str2, "GET /cart/%d\r\n", ch1);
 560               		.loc 1 101 3 is_stmt 1 view .LVU140
 561 02bc 8091 0000 		lds r24,ch1
 562 02c0 9091 0000 		lds r25,ch1+1
 563 02c4 9F93      		push r25
 564               	.LCFI17:
 565               		.cfi_def_cfa_offset 3
 566 02c6 8F93      		push r24
 567               	.LCFI18:
 568               		.cfi_def_cfa_offset 4
 569 02c8 80E0      		ldi r24,lo8(.LC4)
 570 02ca 90E0      		ldi r25,hi8(.LC4)
 571 02cc 9F93      		push r25
 572               	.LCFI19:
 573               		.cfi_def_cfa_offset 5
 574 02ce 8F93      		push r24
 575               	.LCFI20:
 576               		.cfi_def_cfa_offset 6
 577 02d0 80E0      		ldi r24,lo8(str2)
 578 02d2 90E0      		ldi r25,hi8(str2)
 579 02d4 9F93      		push r25
 580               	.LCFI21:
 581               		.cfi_def_cfa_offset 7
 582 02d6 8F93      		push r24
 583               	.LCFI22:
 584               		.cfi_def_cfa_offset 8
 585 02d8 0E94 0000 		call sprintf
 586               	.LVL17:
 102:main.c        **** 
 103:main.c        **** 		uart_puts(str2);
 587               		.loc 1 103 3 view .LVU141
 588 02dc 80E0      		ldi r24,lo8(str2)
 589 02de 90E0      		ldi r25,hi8(str2)
 590 02e0 0E94 0000 		call uart_puts
 591               	.LVL18:
 104:main.c        **** 		_delay_ms(2000);
 592               		.loc 1 104 3 view .LVU142
 593               	.LBB46:
 594               	.LBI46:
 166:/home/acer/Desktop/CDAC/AVR/softwares/avr-gcc-8.2.0-x64-linux/avr/include/util/delay.h **** {
 595               		.loc 2 166 1 view .LVU143
 596               	.LBB47:
 168:/home/acer/Desktop/CDAC/AVR/softwares/avr-gcc-8.2.0-x64-linux/avr/include/util/delay.h **** #if __HAS_DELAY_CYCLES && defined(__OPTIMIZE__) && \
 597               		.loc 2 168 2 view .LVU144
 172:/home/acer/Desktop/CDAC/AVR/softwares/avr-gcc-8.2.0-x64-linux/avr/include/util/delay.h **** 	extern void __builtin_avr_delay_cycles(unsigned long);
 598               		.loc 2 172 2 view .LVU145
 173:/home/acer/Desktop/CDAC/AVR/softwares/avr-gcc-8.2.0-x64-linux/avr/include/util/delay.h **** 	__tmp = ((F_CPU) / 1e3) * __ms;
 599               		.loc 2 173 2 view .LVU146
 174:/home/acer/Desktop/CDAC/AVR/softwares/avr-gcc-8.2.0-x64-linux/avr/include/util/delay.h **** 
 600               		.loc 2 174 2 view .LVU147
 184:/home/acer/Desktop/CDAC/AVR/softwares/avr-gcc-8.2.0-x64-linux/avr/include/util/delay.h **** 	#endif
 601               		.loc 2 184 3 view .LVU148
 602               		.loc 2 187 2 view .LVU149
 603 02e4 2FEF      		ldi r18,lo8(1599999)
 604 02e6 89E6      		ldi r24,hi8(1599999)
 605 02e8 98E1      		ldi r25,hlo8(1599999)
 606 02ea 2150      	1:	subi r18,1
 607 02ec 8040      		sbci r24,0
 608 02ee 9040      		sbci r25,0
 609 02f0 01F4      		brne 1b
 610 02f2 00C0      		rjmp .
 611 02f4 0000      		nop
 612               	.LVL19:
 613               		.loc 2 187 2 is_stmt 0 view .LVU150
 614               	.LBE47:
 615               	.LBE46:
 105:main.c        **** 
 106:main.c        **** 		uart_puts("\r\n");
 616               		.loc 1 106 3 is_stmt 1 view .LVU151
 617 02f6 80E0      		ldi r24,lo8(.LC5)
 618 02f8 90E0      		ldi r25,hi8(.LC5)
 619 02fa 0E94 0000 		call uart_puts
 620               	.LVL20:
 107:main.c        **** 		_delay_ms(1000);
 621               		.loc 1 107 3 view .LVU152
 622               	.LBB48:
 623               	.LBI48:
 166:/home/acer/Desktop/CDAC/AVR/softwares/avr-gcc-8.2.0-x64-linux/avr/include/util/delay.h **** {
 624               		.loc 2 166 1 view .LVU153
 625               	.LBB49:
 168:/home/acer/Desktop/CDAC/AVR/softwares/avr-gcc-8.2.0-x64-linux/avr/include/util/delay.h **** #if __HAS_DELAY_CYCLES && defined(__OPTIMIZE__) && \
 626               		.loc 2 168 2 view .LVU154
 172:/home/acer/Desktop/CDAC/AVR/softwares/avr-gcc-8.2.0-x64-linux/avr/include/util/delay.h **** 	extern void __builtin_avr_delay_cycles(unsigned long);
 627               		.loc 2 172 2 view .LVU155
 173:/home/acer/Desktop/CDAC/AVR/softwares/avr-gcc-8.2.0-x64-linux/avr/include/util/delay.h **** 	__tmp = ((F_CPU) / 1e3) * __ms;
 628               		.loc 2 173 2 view .LVU156
 174:/home/acer/Desktop/CDAC/AVR/softwares/avr-gcc-8.2.0-x64-linux/avr/include/util/delay.h **** 
 629               		.loc 2 174 2 view .LVU157
 184:/home/acer/Desktop/CDAC/AVR/softwares/avr-gcc-8.2.0-x64-linux/avr/include/util/delay.h **** 	#endif
 630               		.loc 2 184 3 view .LVU158
 631               		.loc 2 187 2 view .LVU159
 632 02fe 2FEF      		ldi r18,lo8(799999)
 633 0300 84E3      		ldi r24,hi8(799999)
 634 0302 9CE0      		ldi r25,hlo8(799999)
 635 0304 2150      	1:	subi r18,1
 636 0306 8040      		sbci r24,0
 637 0308 9040      		sbci r25,0
 638 030a 01F4      		brne 1b
 639 030c 00C0      		rjmp .
 640 030e 0000      		nop
 641               	.LVL21:
 642               		.loc 2 187 2 is_stmt 0 view .LVU160
 643               	.LBE49:
 644               	.LBE48:
 108:main.c        **** 	
 109:main.c        **** 		uart_puts("AT+CIPCLOSE\r\n");
 645               		.loc 1 109 3 is_stmt 1 view .LVU161
 646 0310 80E0      		ldi r24,lo8(.LC6)
 647 0312 90E0      		ldi r25,hi8(.LC6)
 648 0314 0E94 0000 		call uart_puts
 649               	.LVL22:
 110:main.c        **** 		_delay_ms(2000);
 650               		.loc 1 110 3 view .LVU162
 651               	.LBB50:
 652               	.LBI50:
 166:/home/acer/Desktop/CDAC/AVR/softwares/avr-gcc-8.2.0-x64-linux/avr/include/util/delay.h **** {
 653               		.loc 2 166 1 view .LVU163
 654               	.LBB51:
 168:/home/acer/Desktop/CDAC/AVR/softwares/avr-gcc-8.2.0-x64-linux/avr/include/util/delay.h **** #if __HAS_DELAY_CYCLES && defined(__OPTIMIZE__) && \
 655               		.loc 2 168 2 view .LVU164
 172:/home/acer/Desktop/CDAC/AVR/softwares/avr-gcc-8.2.0-x64-linux/avr/include/util/delay.h **** 	extern void __builtin_avr_delay_cycles(unsigned long);
 656               		.loc 2 172 2 view .LVU165
 173:/home/acer/Desktop/CDAC/AVR/softwares/avr-gcc-8.2.0-x64-linux/avr/include/util/delay.h **** 	__tmp = ((F_CPU) / 1e3) * __ms;
 657               		.loc 2 173 2 view .LVU166
 174:/home/acer/Desktop/CDAC/AVR/softwares/avr-gcc-8.2.0-x64-linux/avr/include/util/delay.h **** 
 658               		.loc 2 174 2 view .LVU167
 184:/home/acer/Desktop/CDAC/AVR/softwares/avr-gcc-8.2.0-x64-linux/avr/include/util/delay.h **** 	#endif
 659               		.loc 2 184 3 view .LVU168
 660               		.loc 2 187 2 view .LVU169
 661 0318 2FEF      		ldi r18,lo8(1599999)
 662 031a 89E6      		ldi r24,hi8(1599999)
 663 031c 98E1      		ldi r25,hlo8(1599999)
 664 031e 2150      	1:	subi r18,1
 665 0320 8040      		sbci r24,0
 666 0322 9040      		sbci r25,0
 667 0324 01F4      		brne 1b
 668 0326 00C0      		rjmp .
 669 0328 0000      		nop
 670               	.LVL23:
 671               		.loc 2 187 2 is_stmt 0 view .LVU170
 672               	.LBE51:
 673               	.LBE50:
 111:main.c        **** 		ch1=ch;	
 674               		.loc 1 111 3 is_stmt 1 view .LVU171
 675               		.loc 1 111 6 is_stmt 0 view .LVU172
 676 032a 8091 0000 		lds r24,ch
 677 032e 9091 0000 		lds r25,ch+1
 678 0332 9093 0000 		sts ch1+1,r25
 679 0336 8093 0000 		sts ch1,r24
 112:main.c        **** 	}
 680               		.loc 1 112 2 view .LVU173
 681 033a 0F90      		pop __tmp_reg__
 682 033c 0F90      		pop __tmp_reg__
 683 033e 0F90      		pop __tmp_reg__
 684 0340 0F90      		pop __tmp_reg__
 685 0342 0F90      		pop __tmp_reg__
 686 0344 0F90      		pop __tmp_reg__
 687               	.LCFI23:
 688               		.cfi_def_cfa_offset 2
 689               	/* epilogue start */
 690 0346 0895      		ret
 691               		.cfi_endproc
 692               	.LFE8:
 694               	.global	adc
 696               	adc:
 697               	.LFB9:
 113:main.c        **** 
 114:main.c        **** void adc()
 115:main.c        **** 	{	
 698               		.loc 1 115 2 is_stmt 1 view -0
 699               		.cfi_startproc
 700               	/* prologue: function */
 701               	/* frame size = 0 */
 702               	/* stack size = 0 */
 703               	.L__stack_usage = 0
 116:main.c        **** 		if(adc_flag2==0)
 704               		.loc 1 116 3 view .LVU175
 705               		.loc 1 116 15 is_stmt 0 view .LVU176
 706 0348 8091 0000 		lds r24,adc_flag2
 707 034c 9091 0000 		lds r25,adc_flag2+1
 708               		.loc 1 116 5 view .LVU177
 709 0350 892B      		or r24,r25
 710 0352 01F4      		brne .L20
 117:main.c        **** 		{	
 118:main.c        **** 		adc_flag1 = adc_select(ADC_1);
 711               		.loc 1 118 3 is_stmt 1 view .LVU178
 712               		.loc 1 118 15 is_stmt 0 view .LVU179
 713 0354 8091 0000 		lds r24,ADC_1
 714 0358 9091 0000 		lds r25,ADC_1+1
 715 035c 0E94 0000 		call adc_select
 716               	.LVL24:
 717               		.loc 1 118 13 view .LVU180
 718 0360 9093 0000 		sts adc_flag1+1,r25
 719 0364 8093 0000 		sts adc_flag1,r24
 119:main.c        **** 		func(0);
 720               		.loc 1 119 3 is_stmt 1 view .LVU181
 721 0368 90E0      		ldi r25,0
 722 036a 80E0      		ldi r24,0
 723 036c 0E94 0000 		call func
 724               	.LVL25:
 725               	.L21:
 120:main.c        **** 		} 	
 121:main.c        **** 		else
 122:main.c        **** 		_delay_ms(200); // need this delay so as to select ADC 2
 123:main.c        **** 		
 124:main.c        **** 		
 125:main.c        **** 		if(adc_flag1==0){
 726               		.loc 1 125 3 view .LVU182
 727               		.loc 1 125 15 is_stmt 0 view .LVU183
 728 0370 8091 0000 		lds r24,adc_flag1
 729 0374 9091 0000 		lds r25,adc_flag1+1
 730               		.loc 1 125 5 view .LVU184
 731 0378 892B      		or r24,r25
 732 037a 01F4      		brne .L22
 733               	.LBB62:
 734               	.LBB63:
 126:main.c        **** 		adc_flag2 = adc_select(ADC_2);
 735               		.loc 1 126 3 is_stmt 1 view .LVU185
 736               		.loc 1 126 15 is_stmt 0 view .LVU186
 737 037c 8091 0000 		lds r24,ADC_2
 738 0380 9091 0000 		lds r25,ADC_2+1
 739 0384 0E94 0000 		call adc_select
 740               	.LVL26:
 741               		.loc 1 126 13 view .LVU187
 742 0388 9093 0000 		sts adc_flag2+1,r25
 743 038c 8093 0000 		sts adc_flag2,r24
 127:main.c        **** 		func(1);
 744               		.loc 1 127 3 is_stmt 1 view .LVU188
 745 0390 81E0      		ldi r24,lo8(1)
 746 0392 90E0      		ldi r25,0
 747 0394 0E94 0000 		call func
 748               	.LVL27:
 749 0398 0895      		ret
 750               	.L20:
 751               	.LBE63:
 752               	.LBE62:
 122:main.c        **** 		
 753               		.loc 1 122 3 view .LVU189
 754               	.LVL28:
 755               	.LBB64:
 756               	.LBI64:
 166:/home/acer/Desktop/CDAC/AVR/softwares/avr-gcc-8.2.0-x64-linux/avr/include/util/delay.h **** {
 757               		.loc 2 166 1 view .LVU190
 758               	.LBB65:
 168:/home/acer/Desktop/CDAC/AVR/softwares/avr-gcc-8.2.0-x64-linux/avr/include/util/delay.h **** #if __HAS_DELAY_CYCLES && defined(__OPTIMIZE__) && \
 759               		.loc 2 168 2 view .LVU191
 172:/home/acer/Desktop/CDAC/AVR/softwares/avr-gcc-8.2.0-x64-linux/avr/include/util/delay.h **** 	extern void __builtin_avr_delay_cycles(unsigned long);
 760               		.loc 2 172 2 view .LVU192
 173:/home/acer/Desktop/CDAC/AVR/softwares/avr-gcc-8.2.0-x64-linux/avr/include/util/delay.h **** 	__tmp = ((F_CPU) / 1e3) * __ms;
 761               		.loc 2 173 2 view .LVU193
 174:/home/acer/Desktop/CDAC/AVR/softwares/avr-gcc-8.2.0-x64-linux/avr/include/util/delay.h **** 
 762               		.loc 2 174 2 view .LVU194
 184:/home/acer/Desktop/CDAC/AVR/softwares/avr-gcc-8.2.0-x64-linux/avr/include/util/delay.h **** 	#endif
 763               		.loc 2 184 3 view .LVU195
 764               		.loc 2 187 2 view .LVU196
 765 039a 2FEF      		ldi r18,lo8(159999)
 766 039c 80E7      		ldi r24,hi8(159999)
 767 039e 92E0      		ldi r25,hlo8(159999)
 768 03a0 2150      	1:	subi r18,1
 769 03a2 8040      		sbci r24,0
 770 03a4 9040      		sbci r25,0
 771 03a6 01F4      		brne 1b
 772 03a8 00C0      		rjmp .
 773 03aa 0000      		nop
 774 03ac 00C0      		rjmp .L21
 775               	.LVL29:
 776               	.L22:
 777               		.loc 2 187 2 is_stmt 0 view .LVU197
 778               	.LBE65:
 779               	.LBE64:
 128:main.c        **** 		}
 129:main.c        **** 		else
 130:main.c        **** 		_delay_ms(200);
 780               		.loc 1 130 3 is_stmt 1 view .LVU198
 781               	.LBB66:
 782               	.LBI66:
 166:/home/acer/Desktop/CDAC/AVR/softwares/avr-gcc-8.2.0-x64-linux/avr/include/util/delay.h **** {
 783               		.loc 2 166 1 view .LVU199
 784               	.LBB67:
 168:/home/acer/Desktop/CDAC/AVR/softwares/avr-gcc-8.2.0-x64-linux/avr/include/util/delay.h **** #if __HAS_DELAY_CYCLES && defined(__OPTIMIZE__) && \
 785               		.loc 2 168 2 view .LVU200
 172:/home/acer/Desktop/CDAC/AVR/softwares/avr-gcc-8.2.0-x64-linux/avr/include/util/delay.h **** 	extern void __builtin_avr_delay_cycles(unsigned long);
 786               		.loc 2 172 2 view .LVU201
 173:/home/acer/Desktop/CDAC/AVR/softwares/avr-gcc-8.2.0-x64-linux/avr/include/util/delay.h **** 	__tmp = ((F_CPU) / 1e3) * __ms;
 787               		.loc 2 173 2 view .LVU202
 174:/home/acer/Desktop/CDAC/AVR/softwares/avr-gcc-8.2.0-x64-linux/avr/include/util/delay.h **** 
 788               		.loc 2 174 2 view .LVU203
 184:/home/acer/Desktop/CDAC/AVR/softwares/avr-gcc-8.2.0-x64-linux/avr/include/util/delay.h **** 	#endif
 789               		.loc 2 184 3 view .LVU204
 790               		.loc 2 187 2 view .LVU205
 791 03ae 2FEF      		ldi r18,lo8(159999)
 792 03b0 80E7      		ldi r24,hi8(159999)
 793 03b2 92E0      		ldi r25,hlo8(159999)
 794 03b4 2150      	1:	subi r18,1
 795 03b6 8040      		sbci r24,0
 796 03b8 9040      		sbci r25,0
 797 03ba 01F4      		brne 1b
 798 03bc 00C0      		rjmp .
 799 03be 0000      		nop
 800               	/* epilogue start */
 801               	.LBE67:
 802               	.LBE66:
 131:main.c        **** 	}
 803               		.loc 1 131 2 is_stmt 0 view .LVU206
 804 03c0 0895      		ret
 805               		.cfi_endproc
 806               	.LFE9:
 808               		.section	.rodata.str1.1
 809               	.LC8:
 810 0073 4154 0D0A 		.string	"AT\r\n"
 810      00
 811               	.LC9:
 812 0078 4154 2B43 		.string	"AT+CIPMODE=0\r\n"
 812      4950 4D4F 
 812      4445 3D30 
 812      0D0A 00
 813               	.LC10:
 814 0087 4154 2B43 		.string	"AT+CIPMUX=1\r\n"
 814      4950 4D55 
 814      583D 310D 
 814      0A00 
 815               		.section	.rodata
 816               	.LC7:
 817 0000 4F6E 204C 		.string	"On LCD"
 817      4344 00
 818 0007 0000 0000 		.zero	25
 818      0000 0000 
 818      0000 0000 
 818      0000 0000 
 818      0000 0000 
 819               		.section	.text.startup,"ax",@progbits
 820               	.global	main
 822               	main:
 823               	.LFB10:
 132:main.c        **** int main()
 133:main.c        **** {
 824               		.loc 1 133 1 is_stmt 1 view -0
 825               		.cfi_startproc
 826 0000 CDB7      		in r28,__SP_L__
 827 0002 DEB7      		in r29,__SP_H__
 828               	.LCFI24:
 829               		.cfi_def_cfa_register 28
 830 0004 A097      		sbiw r28,32
 831               	.LCFI25:
 832               		.cfi_def_cfa_offset 34
 833 0006 0FB6      		in __tmp_reg__,__SREG__
 834 0008 F894      		cli
 835 000a DEBF      		out __SP_H__,r29
 836 000c 0FBE      		out __SREG__,__tmp_reg__
 837 000e CDBF      		out __SP_L__,r28
 838               	/* prologue: function */
 839               	/* frame size = 32 */
 840               	/* stack size = 32 */
 841               	.L__stack_usage = 32
 134:main.c        **** 	char str[32],str1[32]="On LCD";
 842               		.loc 1 134 2 view .LVU208
 843               		.loc 1 134 15 is_stmt 0 view .LVU209
 844 0010 87E0      		ldi r24,lo8(7)
 845 0012 E0E0      		ldi r30,lo8(.LC7)
 846 0014 F0E0      		ldi r31,hi8(.LC7)
 847 0016 DE01      		movw r26,r28
 848 0018 1196      		adiw r26,1
 849               		0:
 850 001a 0190      		ld r0,Z+
 851 001c 0D92      		st X+,r0
 852 001e 8A95      		dec r24
 853 0020 01F4      		brne 0b
 854 0022 FE01      		movw r30,r28
 855 0024 3896      		adiw r30,8
 856 0026 89E1      		ldi r24,lo8(25)
 857 0028 DF01      		movw r26,r30
 858               		0:
 859 002a 1D92      		st X+,__zero_reg__
 860 002c 8A95      		dec r24
 861 002e 01F4      		brne 0b
 135:main.c        **** 	const char ch='\r';
 862               		.loc 1 135 2 is_stmt 1 view .LVU210
 863               	.LVL30:
 136:main.c        **** 	char *ret;
 864               		.loc 1 136 2 view .LVU211
 137:main.c        **** 
 138:main.c        **** 	adc_init();
 865               		.loc 1 138 2 view .LVU212
 866 0030 0E94 0000 		call adc_init
 867               	.LVL31:
 139:main.c        **** 	lcd_init();
 868               		.loc 1 139 2 view .LVU213
 869 0034 0E94 0000 		call lcd_init
 870               	.LVL32:
 140:main.c        **** 	uart_init(9600);
 871               		.loc 1 140 2 view .LVU214
 872 0038 60E8      		ldi r22,lo8(-128)
 873 003a 75E2      		ldi r23,lo8(37)
 874 003c 80E0      		ldi r24,0
 875 003e 90E0      		ldi r25,0
 876 0040 0E94 0000 		call uart_init
 877               	.LVL33:
 141:main.c        **** 
 142:main.c        **** 	lcd_putstring(0, str1);
 878               		.loc 1 142 2 view .LVU215
 879 0044 BE01      		movw r22,r28
 880 0046 6F5F      		subi r22,-1
 881 0048 7F4F      		sbci r23,-1
 882 004a 80E0      		ldi r24,0
 883 004c 0E94 0000 		call lcd_putstring
 884               	.LVL34:
 143:main.c        **** 	_delay_ms(1000);
 885               		.loc 1 143 2 view .LVU216
 886               	.LBB68:
 887               	.LBI68:
 166:/home/acer/Desktop/CDAC/AVR/softwares/avr-gcc-8.2.0-x64-linux/avr/include/util/delay.h **** {
 888               		.loc 2 166 1 view .LVU217
 889               	.LBB69:
 168:/home/acer/Desktop/CDAC/AVR/softwares/avr-gcc-8.2.0-x64-linux/avr/include/util/delay.h **** #if __HAS_DELAY_CYCLES && defined(__OPTIMIZE__) && \
 890               		.loc 2 168 2 view .LVU218
 172:/home/acer/Desktop/CDAC/AVR/softwares/avr-gcc-8.2.0-x64-linux/avr/include/util/delay.h **** 	extern void __builtin_avr_delay_cycles(unsigned long);
 891               		.loc 2 172 2 view .LVU219
 173:/home/acer/Desktop/CDAC/AVR/softwares/avr-gcc-8.2.0-x64-linux/avr/include/util/delay.h **** 	__tmp = ((F_CPU) / 1e3) * __ms;
 892               		.loc 2 173 2 view .LVU220
 174:/home/acer/Desktop/CDAC/AVR/softwares/avr-gcc-8.2.0-x64-linux/avr/include/util/delay.h **** 
 893               		.loc 2 174 2 view .LVU221
 184:/home/acer/Desktop/CDAC/AVR/softwares/avr-gcc-8.2.0-x64-linux/avr/include/util/delay.h **** 	#endif
 894               		.loc 2 184 3 view .LVU222
 895               		.loc 2 187 2 view .LVU223
 896 0050 BFEF      		ldi r27,lo8(799999)
 897 0052 24E3      		ldi r18,hi8(799999)
 898 0054 8CE0      		ldi r24,hlo8(799999)
 899 0056 B150      	1:	subi r27,1
 900 0058 2040      		sbci r18,0
 901 005a 8040      		sbci r24,0
 902 005c 01F4      		brne 1b
 903 005e 00C0      		rjmp .
 904 0060 0000      		nop
 905               	.LVL35:
 906               		.loc 2 187 2 is_stmt 0 view .LVU224
 907               	.LBE69:
 908               	.LBE68:
 144:main.c        **** 	uart_puts("AT\r\n");
 909               		.loc 1 144 2 is_stmt 1 view .LVU225
 910 0062 80E0      		ldi r24,lo8(.LC8)
 911 0064 90E0      		ldi r25,hi8(.LC8)
 912 0066 0E94 0000 		call uart_puts
 913               	.LVL36:
 145:main.c        **** 	_delay_ms(2000);
 914               		.loc 1 145 2 view .LVU226
 915               	.LBB70:
 916               	.LBI70:
 166:/home/acer/Desktop/CDAC/AVR/softwares/avr-gcc-8.2.0-x64-linux/avr/include/util/delay.h **** {
 917               		.loc 2 166 1 view .LVU227
 918               	.LBB71:
 168:/home/acer/Desktop/CDAC/AVR/softwares/avr-gcc-8.2.0-x64-linux/avr/include/util/delay.h **** #if __HAS_DELAY_CYCLES && defined(__OPTIMIZE__) && \
 919               		.loc 2 168 2 view .LVU228
 172:/home/acer/Desktop/CDAC/AVR/softwares/avr-gcc-8.2.0-x64-linux/avr/include/util/delay.h **** 	extern void __builtin_avr_delay_cycles(unsigned long);
 920               		.loc 2 172 2 view .LVU229
 173:/home/acer/Desktop/CDAC/AVR/softwares/avr-gcc-8.2.0-x64-linux/avr/include/util/delay.h **** 	__tmp = ((F_CPU) / 1e3) * __ms;
 921               		.loc 2 173 2 view .LVU230
 174:/home/acer/Desktop/CDAC/AVR/softwares/avr-gcc-8.2.0-x64-linux/avr/include/util/delay.h **** 
 922               		.loc 2 174 2 view .LVU231
 184:/home/acer/Desktop/CDAC/AVR/softwares/avr-gcc-8.2.0-x64-linux/avr/include/util/delay.h **** 	#endif
 923               		.loc 2 184 3 view .LVU232
 924               		.loc 2 187 2 view .LVU233
 925 006a 9FEF      		ldi r25,lo8(1599999)
 926 006c A9E6      		ldi r26,hi8(1599999)
 927 006e B8E1      		ldi r27,hlo8(1599999)
 928 0070 9150      	1:	subi r25,1
 929 0072 A040      		sbci r26,0
 930 0074 B040      		sbci r27,0
 931 0076 01F4      		brne 1b
 932 0078 00C0      		rjmp .
 933 007a 0000      		nop
 934               	.LVL37:
 935               		.loc 2 187 2 is_stmt 0 view .LVU234
 936               	.LBE71:
 937               	.LBE70:
 146:main.c        **** 	//uart_puts("AT+UART_CUR=9600,8,1,0,0\r\n");
 147:main.c        **** 
 148:main.c        **** 	uart_puts("AT+CIPMODE=0\r\n");
 938               		.loc 1 148 2 is_stmt 1 view .LVU235
 939 007c 80E0      		ldi r24,lo8(.LC9)
 940 007e 90E0      		ldi r25,hi8(.LC9)
 941 0080 0E94 0000 		call uart_puts
 942               	.LVL38:
 149:main.c        **** 	_delay_ms(1000);
 943               		.loc 1 149 2 view .LVU236
 944               	.LBB72:
 945               	.LBI72:
 166:/home/acer/Desktop/CDAC/AVR/softwares/avr-gcc-8.2.0-x64-linux/avr/include/util/delay.h **** {
 946               		.loc 2 166 1 view .LVU237
 947               	.LBB73:
 168:/home/acer/Desktop/CDAC/AVR/softwares/avr-gcc-8.2.0-x64-linux/avr/include/util/delay.h **** #if __HAS_DELAY_CYCLES && defined(__OPTIMIZE__) && \
 948               		.loc 2 168 2 view .LVU238
 172:/home/acer/Desktop/CDAC/AVR/softwares/avr-gcc-8.2.0-x64-linux/avr/include/util/delay.h **** 	extern void __builtin_avr_delay_cycles(unsigned long);
 949               		.loc 2 172 2 view .LVU239
 173:/home/acer/Desktop/CDAC/AVR/softwares/avr-gcc-8.2.0-x64-linux/avr/include/util/delay.h **** 	__tmp = ((F_CPU) / 1e3) * __ms;
 950               		.loc 2 173 2 view .LVU240
 174:/home/acer/Desktop/CDAC/AVR/softwares/avr-gcc-8.2.0-x64-linux/avr/include/util/delay.h **** 
 951               		.loc 2 174 2 view .LVU241
 184:/home/acer/Desktop/CDAC/AVR/softwares/avr-gcc-8.2.0-x64-linux/avr/include/util/delay.h **** 	#endif
 952               		.loc 2 184 3 view .LVU242
 953               		.loc 2 187 2 view .LVU243
 954 0084 2FEF      		ldi r18,lo8(799999)
 955 0086 84E3      		ldi r24,hi8(799999)
 956 0088 9CE0      		ldi r25,hlo8(799999)
 957 008a 2150      	1:	subi r18,1
 958 008c 8040      		sbci r24,0
 959 008e 9040      		sbci r25,0
 960 0090 01F4      		brne 1b
 961 0092 00C0      		rjmp .
 962 0094 0000      		nop
 963               	.LVL39:
 964               		.loc 2 187 2 is_stmt 0 view .LVU244
 965               	.LBE73:
 966               	.LBE72:
 150:main.c        **** 
 151:main.c        **** 	uart_puts("AT+CIPMUX=1\r\n");
 967               		.loc 1 151 2 is_stmt 1 view .LVU245
 968 0096 80E0      		ldi r24,lo8(.LC10)
 969 0098 90E0      		ldi r25,hi8(.LC10)
 970 009a 0E94 0000 		call uart_puts
 971               	.LVL40:
 152:main.c        **** 	_delay_ms(1000);
 972               		.loc 1 152 2 view .LVU246
 973               	.LBB74:
 974               	.LBI74:
 166:/home/acer/Desktop/CDAC/AVR/softwares/avr-gcc-8.2.0-x64-linux/avr/include/util/delay.h **** {
 975               		.loc 2 166 1 view .LVU247
 976               	.LBB75:
 168:/home/acer/Desktop/CDAC/AVR/softwares/avr-gcc-8.2.0-x64-linux/avr/include/util/delay.h **** #if __HAS_DELAY_CYCLES && defined(__OPTIMIZE__) && \
 977               		.loc 2 168 2 view .LVU248
 172:/home/acer/Desktop/CDAC/AVR/softwares/avr-gcc-8.2.0-x64-linux/avr/include/util/delay.h **** 	extern void __builtin_avr_delay_cycles(unsigned long);
 978               		.loc 2 172 2 view .LVU249
 173:/home/acer/Desktop/CDAC/AVR/softwares/avr-gcc-8.2.0-x64-linux/avr/include/util/delay.h **** 	__tmp = ((F_CPU) / 1e3) * __ms;
 979               		.loc 2 173 2 view .LVU250
 174:/home/acer/Desktop/CDAC/AVR/softwares/avr-gcc-8.2.0-x64-linux/avr/include/util/delay.h **** 
 980               		.loc 2 174 2 view .LVU251
 184:/home/acer/Desktop/CDAC/AVR/softwares/avr-gcc-8.2.0-x64-linux/avr/include/util/delay.h **** 	#endif
 981               		.loc 2 184 3 view .LVU252
 982               		.loc 2 187 2 view .LVU253
 983 009e AFEF      		ldi r26,lo8(799999)
 984 00a0 B4E3      		ldi r27,hi8(799999)
 985 00a2 2CE0      		ldi r18,hlo8(799999)
 986 00a4 A150      	1:	subi r26,1
 987 00a6 B040      		sbci r27,0
 988 00a8 2040      		sbci r18,0
 989 00aa 01F4      		brne 1b
 990 00ac 00C0      		rjmp .
 991 00ae 0000      		nop
 992               	.L25:
 993               	.LBE75:
 994               	.LBE74:
 153:main.c        **** 
 154:main.c        **** 
 155:main.c        **** 	//uart_puts("AT+CWJAP=B0XT-8J+RvVdBUkU,");   //192.168.43.241:4500/cart/0,1,2,3 //207 
 156:main.c        **** 	//	_delay_ms(10000);
 157:main.c        **** 	//	uart_gets(str);
 158:main.c        **** 	//	lcd_putstring(1, str);	
 159:main.c        **** 
 160:main.c        **** 	
 161:main.c        **** 	while(1)
 995               		.loc 1 161 2 view .LVU254
 162:main.c        **** 	{
 163:main.c        **** 		
 164:main.c        **** 		
 165:main.c        **** 		adc();
 996               		.loc 1 165 3 view .LVU255
 997 00b0 0E94 0000 		call adc
 998               	.LVL41:
 166:main.c        **** 		print(); //print both the ADC obtained value
 999               		.loc 1 166 3 view .LVU256
 1000 00b4 0E94 0000 		call print
 1001               	.LVL42:
 167:main.c        **** 
 168:main.c        **** 
 169:main.c        **** 		uart_puts("AT\r\n");
 1002               		.loc 1 169 3 view .LVU257
 1003 00b8 80E0      		ldi r24,lo8(.LC8)
 1004 00ba 90E0      		ldi r25,hi8(.LC8)
 1005 00bc 0E94 0000 		call uart_puts
 1006               	.LVL43:
 170:main.c        **** 		_delay_ms(200);
 1007               		.loc 1 170 3 view .LVU258
 1008               	.LBB76:
 1009               	.LBI76:
 166:/home/acer/Desktop/CDAC/AVR/softwares/avr-gcc-8.2.0-x64-linux/avr/include/util/delay.h **** {
 1010               		.loc 2 166 1 view .LVU259
 1011               	.LBB77:
 168:/home/acer/Desktop/CDAC/AVR/softwares/avr-gcc-8.2.0-x64-linux/avr/include/util/delay.h **** #if __HAS_DELAY_CYCLES && defined(__OPTIMIZE__) && \
 1012               		.loc 2 168 2 view .LVU260
 172:/home/acer/Desktop/CDAC/AVR/softwares/avr-gcc-8.2.0-x64-linux/avr/include/util/delay.h **** 	extern void __builtin_avr_delay_cycles(unsigned long);
 1013               		.loc 2 172 2 view .LVU261
 173:/home/acer/Desktop/CDAC/AVR/softwares/avr-gcc-8.2.0-x64-linux/avr/include/util/delay.h **** 	__tmp = ((F_CPU) / 1e3) * __ms;
 1014               		.loc 2 173 2 view .LVU262
 174:/home/acer/Desktop/CDAC/AVR/softwares/avr-gcc-8.2.0-x64-linux/avr/include/util/delay.h **** 
 1015               		.loc 2 174 2 view .LVU263
 184:/home/acer/Desktop/CDAC/AVR/softwares/avr-gcc-8.2.0-x64-linux/avr/include/util/delay.h **** 	#endif
 1016               		.loc 2 184 3 view .LVU264
 1017               		.loc 2 187 2 view .LVU265
 1018 00c0 8FEF      		ldi r24,lo8(159999)
 1019 00c2 90E7      		ldi r25,hi8(159999)
 1020 00c4 A2E0      		ldi r26,hlo8(159999)
 1021 00c6 8150      	1:	subi r24,1
 1022 00c8 9040      		sbci r25,0
 1023 00ca A040      		sbci r26,0
 1024 00cc 01F4      		brne 1b
 1025 00ce 00C0      		rjmp .
 1026 00d0 0000      		nop
 1027               	.LVL44:
 1028               		.loc 2 187 2 is_stmt 0 view .LVU266
 1029               	.LBE77:
 1030               	.LBE76:
 171:main.c        **** 		
 172:main.c        **** 		if(ch!=ch1)
 1031               		.loc 1 172 3 is_stmt 1 view .LVU267
 1032               		.loc 1 172 8 is_stmt 0 view .LVU268
 1033 00d2 8091 0000 		lds r24,ch1
 1034 00d6 9091 0000 		lds r25,ch1+1
 1035               		.loc 1 172 5 view .LVU269
 1036 00da 0D97      		sbiw r24,13
 1037 00dc 01F0      		breq .L25
 173:main.c        **** 		{
 174:main.c        **** 		//send data to esp
 175:main.c        **** 		esp();
 1038               		.loc 1 175 3 is_stmt 1 view .LVU270
 1039 00de 0E94 0000 		call esp
 1040               	.LVL45:
 1041 00e2 00C0      		rjmp .L25
 1042               		.cfi_endproc
 1043               	.LFE10:
 1045               		.comm	str,20,1
 1046               	.global	ADC_2
 1047               		.data
 1050               	ADC_2:
 1051 0000 0300      		.word	3
 1052               	.global	ADC_1
 1055               	ADC_1:
 1056 0002 0200      		.word	2
 1057               		.comm	str2,32,1
 1058               	.global	ch1
 1061               	ch1:
 1062 0004 0500      		.word	5
 1063               	.global	ch
 1064               		.section .bss
 1067               	ch:
 1068 0000 0000      		.zero	2
 1069               	.global	adc_flag2
 1072               	adc_flag2:
 1073 0002 0000      		.zero	2
 1074               	.global	adc_flag1
 1077               	adc_flag1:
 1078 0004 0000      		.zero	2
 1079               	.global	adc_val2
 1082               	adc_val2:
 1083 0006 0000      		.zero	2
 1084               	.global	adc_val1
 1087               	adc_val1:
 1088 0008 0000      		.zero	2
 1089               		.text
 1090               	.Letext0:
 1091               		.file 3 "/home/acer/Desktop/CDAC/AVR/softwares/avr-gcc-8.2.0-x64-linux/avr/include/stdint.h"
 1092               		.file 4 "adc_intr.h"
 1093               		.file 5 "<built-in>"
 1094               		.file 6 "lcd.h"
 1095               		.file 7 "uart.h"
DEFINED SYMBOLS
                            *ABS*:0000000000000000 main.c
     /tmp/ccvuOhy2.s:2      *ABS*:000000000000003e __SP_H__
     /tmp/ccvuOhy2.s:3      *ABS*:000000000000003d __SP_L__
     /tmp/ccvuOhy2.s:4      *ABS*:000000000000003f __SREG__
     /tmp/ccvuOhy2.s:5      *ABS*:0000000000000000 __tmp_reg__
     /tmp/ccvuOhy2.s:6      *ABS*:0000000000000001 __zero_reg__
     /tmp/ccvuOhy2.s:12     .text:0000000000000000 func
     /tmp/ccvuOhy2.s:1087   .bss:0000000000000008 adc_val1
     /tmp/ccvuOhy2.s:1077   .bss:0000000000000004 adc_flag1
     /tmp/ccvuOhy2.s:1072   .bss:0000000000000002 adc_flag2
     /tmp/ccvuOhy2.s:1082   .bss:0000000000000006 adc_val2
     /tmp/ccvuOhy2.s:179    .text:00000000000000b0 print
     /tmp/ccvuOhy2.s:1067   .bss:0000000000000000 ch
                            *COM*:0000000000000014 str
     /tmp/ccvuOhy2.s:494    .text:0000000000000288 esp
     /tmp/ccvuOhy2.s:1061   .data:0000000000000004 ch1
                            *COM*:0000000000000020 str2
     /tmp/ccvuOhy2.s:696    .text:0000000000000348 adc
     /tmp/ccvuOhy2.s:1055   .data:0000000000000002 ADC_1
     /tmp/ccvuOhy2.s:1050   .data:0000000000000000 ADC_2
     /tmp/ccvuOhy2.s:822    .text.startup:0000000000000000 main

UNDEFINED SYMBOLS
adc_flag
adc_val
sprintf
lcd_putstring
uart_puts
adc_select
adc_init
lcd_init
uart_init
__do_copy_data
__do_clear_bss
